[20-Sep-2018 11:59:06 America/Sao_Paulo] PHP Fatal error:  Uncaught Exception: Class file not found, (helper\Relational)(C:\terminal\live\server\helper\Relational.php) in C:\terminal\live\server\system\php\autoload\default.php:9
Stack trace:
#0 [internal function]: {closure}('helper\\Relation...')
#1 C:\terminal\live\server\applications\example\teste.php(3): spl_autoload_call('helper\\Relation...')
#2 C:\terminal\live\server\system\Navigator.php(23): Closure->{closure}()
#3 C:\terminal\live\server\applications\example\routes.php(5): system\Navigator->regex('{POST/nome/(?<n...', Object(Closure), true)
#4 C:\terminal\live\server\system\Navigator.php(14): system\Navigator->{closure}()
#5 C:\terminal\live\server\system\Ambue.php(18): system\Navigator->__construct()
#6 C:\terminal\live\server\main.php(33): require('C:\\terminal\\liv...')
#7 {main}
  thrown in C:\terminal\live\server\system\php\autoload\default.php on line 9
[20-Sep-2018 11:59:23 America/Sao_Paulo] PHP Fatal error:  Uncaught Exception: Class file not found, (helper\Relational)(C:\terminal\live\server\helper\Relational.php) in C:\terminal\live\server\system\php\autoload\default.php:9
Stack trace:
#0 [internal function]: {closure}('helper\\Relation...')
#1 C:\terminal\live\server\applications\example\teste.php(3): spl_autoload_call('helper\\Relation...')
#2 C:\terminal\live\server\system\Navigator.php(23): Closure->{closure}()
#3 C:\terminal\live\server\applications\example\routes.php(5): system\Navigator->regex('{POST/nome/(?<n...', Object(Closure), true)
#4 C:\terminal\live\server\system\Navigator.php(14): system\Navigator->{closure}()
#5 C:\terminal\live\server\system\Ambue.php(18): system\Navigator->__construct()
#6 C:\terminal\live\server\main.php(33): require('C:\\terminal\\liv...')
#7 {main}
  thrown in C:\terminal\live\server\system\php\autoload\default.php on line 9
[20-Sep-2018 12:00:04 America/Sao_Paulo] PHP Fatal error:  Uncaught Exception: Class file not found, (helper\Relational)(C:\terminal\live\server\helper\Relational.php) in C:\terminal\live\server\system\php\autoload\default.php:9
Stack trace:
#0 [internal function]: {closure}('helper\\Relation...')
#1 C:\terminal\live\server\applications\example\teste.php(3): spl_autoload_call('helper\\Relation...')
#2 C:\terminal\live\server\system\Navigator.php(23): Closure->{closure}()
#3 C:\terminal\live\server\applications\example\routes.php(5): system\Navigator->regex('{POST/nome/(?<n...', Object(Closure), true)
#4 C:\terminal\live\server\system\Navigator.php(14): system\Navigator->{closure}()
#5 C:\terminal\live\server\system\Ambue.php(18): system\Navigator->__construct()
#6 C:\terminal\live\server\main.php(33): require('C:\\terminal\\liv...')
#7 {main}
  thrown in C:\terminal\live\server\system\php\autoload\default.php on line 9
[20-Sep-2018 12:00:57 America/Sao_Paulo] PHP Fatal error:  Uncaught Exception: Class file not found, (helper\Relational)(C:\terminal\live\server\helper\Relational.php) in C:\terminal\live\server\system\php\autoload\default.php:9
Stack trace:
#0 [internal function]: {closure}('helper\\Relation...')
#1 C:\terminal\live\server\applications\example\teste.php(3): spl_autoload_call('helper\\Relation...')
#2 C:\terminal\live\server\system\Navigator.php(23): Closure->{closure}()
#3 C:\terminal\live\server\applications\example\routes.php(5): system\Navigator->regex('{POST/nome/(?<n...', Object(Closure), true)
#4 C:\terminal\live\server\system\Navigator.php(14): system\Navigator->{closure}()
#5 C:\terminal\live\server\system\Ambue.php(19): system\Navigator->__construct()
#6 C:\terminal\live\server\main.php(33): require('C:\\terminal\\liv...')
#7 {main}
  thrown in C:\terminal\live\server\system\php\autoload\default.php on line 9
[20-Sep-2018 12:01:13 America/Sao_Paulo] PHP Fatal error:  Uncaught Exception: Class file not found, (helper\Relational)(C:\terminal\live\server\helper\Relational.php) in C:\terminal\live\server\system\php\autoload\default.php:9
Stack trace:
#0 [internal function]: {closure}('helper\\Relation...')
#1 C:\terminal\live\server\applications\example\teste.php(3): spl_autoload_call('helper\\Relation...')
#2 C:\terminal\live\server\system\Navigator.php(23): Closure->{closure}()
#3 C:\terminal\live\server\applications\example\routes.php(5): system\Navigator->regex('{POST/nome/(?<n...', Object(Closure), true)
#4 C:\terminal\live\server\system\Navigator.php(14): system\Navigator->{closure}()
#5 C:\terminal\live\server\system\Ambue.php(19): system\Navigator->__construct()
#6 C:\terminal\live\server\main.php(33): require('C:\\terminal\\liv...')
#7 {main}
  thrown in C:\terminal\live\server\system\php\autoload\default.php on line 9
[20-Sep-2018 12:01:22 America/Sao_Paulo] PHP Fatal error:  Uncaught Exception: Class file not found, (helper\Relational)(C:\terminal\live\server\helper\Relational.php) in C:\terminal\live\server\system\php\autoload\default.php:9
Stack trace:
#0 [internal function]: {closure}('helper\\Relation...')
#1 C:\terminal\live\server\applications\example\teste.php(3): spl_autoload_call('helper\\Relation...')
#2 C:\terminal\live\server\system\Navigator.php(23): Closure->{closure}()
#3 C:\terminal\live\server\applications\example\routes.php(5): system\Navigator->regex('{POST/nome/(?<n...', Object(Closure), true)
#4 C:\terminal\live\server\system\Navigator.php(14): system\Navigator->{closure}()
#5 C:\terminal\live\server\system\Ambue.php(19): system\Navigator->__construct()
#6 C:\terminal\live\server\main.php(33): require('C:\\terminal\\liv...')
#7 {main}
  thrown in C:\terminal\live\server\system\php\autoload\default.php on line 9
[20-Sep-2018 12:01:27 America/Sao_Paulo] PHP Fatal error:  Uncaught Exception: Class file not found, (helper\Relational)(C:\terminal\live\server\helper\Relational.php) in C:\terminal\live\server\system\php\autoload\default.php:9
Stack trace:
#0 [internal function]: {closure}('helper\\Relation...')
#1 C:\terminal\live\server\applications\example\teste.php(3): spl_autoload_call('helper\\Relation...')
#2 C:\terminal\live\server\system\Navigator.php(23): Closure->{closure}()
#3 C:\terminal\live\server\applications\example\routes.php(5): system\Navigator->regex('{POST/nome/(?<n...', Object(Closure), true)
#4 C:\terminal\live\server\system\Navigator.php(14): system\Navigator->{closure}()
#5 C:\terminal\live\server\system\Ambue.php(19): system\Navigator->__construct()
#6 C:\terminal\live\server\main.php(33): require('C:\\terminal\\liv...')
#7 {main}
  thrown in C:\terminal\live\server\system\php\autoload\default.php on line 9
[20-Sep-2018 12:01:29 America/Sao_Paulo] PHP Fatal error:  Uncaught Exception: Class file not found, (helper\Relational)(C:\terminal\live\server\helper\Relational.php) in C:\terminal\live\server\system\php\autoload\default.php:9
Stack trace:
#0 [internal function]: {closure}('helper\\Relation...')
#1 C:\terminal\live\server\applications\example\teste.php(3): spl_autoload_call('helper\\Relation...')
#2 C:\terminal\live\server\system\Navigator.php(23): Closure->{closure}()
#3 C:\terminal\live\server\applications\example\routes.php(5): system\Navigator->regex('{POST/nome/(?<n...', Object(Closure), true)
#4 C:\terminal\live\server\system\Navigator.php(14): system\Navigator->{closure}()
#5 C:\terminal\live\server\system\Ambue.php(19): system\Navigator->__construct()
#6 C:\terminal\live\server\main.php(33): require('C:\\terminal\\liv...')
#7 {main}
  thrown in C:\terminal\live\server\system\php\autoload\default.php on line 9
[20-Sep-2018 12:01:32 America/Sao_Paulo] PHP Fatal error:  Uncaught Exception: Class file not found, (helper\Relational)(C:\terminal\live\server\helper\Relational.php) in C:\terminal\live\server\system\php\autoload\default.php:9
Stack trace:
#0 [internal function]: {closure}('helper\\Relation...')
#1 C:\terminal\live\server\applications\example\teste.php(3): spl_autoload_call('helper\\Relation...')
#2 C:\terminal\live\server\system\Navigator.php(23): Closure->{closure}()
#3 C:\terminal\live\server\applications\example\routes.php(5): system\Navigator->regex('{POST/nome/(?<n...', Object(Closure), true)
#4 C:\terminal\live\server\system\Navigator.php(14): system\Navigator->{closure}()
#5 C:\terminal\live\server\system\Ambue.php(19): system\Navigator->__construct()
#6 C:\terminal\live\server\main.php(33): require('C:\\terminal\\liv...')
#7 {main}
  thrown in C:\terminal\live\server\system\php\autoload\default.php on line 9
[20-Sep-2018 12:01:52 America/Sao_Paulo] PHP Fatal error:  Uncaught Exception: Class file not found, (helper\Relational)(C:\terminal\live\server\helper\Relational.php) in C:\terminal\live\server\system\php\autoload\default.php:9
Stack trace:
#0 [internal function]: {closure}('helper\\Relation...')
#1 C:\terminal\live\server\applications\example\teste.php(3): spl_autoload_call('helper\\Relation...')
#2 C:\terminal\live\server\system\Navigator.php(23): Closure->{closure}()
#3 C:\terminal\live\server\applications\example\routes.php(5): system\Navigator->regex('{POST/nome/(?<n...', Object(Closure), true)
#4 C:\terminal\live\server\system\Navigator.php(14): system\Navigator->{closure}()
#5 C:\terminal\live\server\system\Ambue.php(19): system\Navigator->__construct()
#6 C:\terminal\live\server\main.php(33): require('C:\\terminal\\liv...')
#7 {main}
  thrown in C:\terminal\live\server\system\php\autoload\default.php on line 9
[20-Sep-2018 12:03:46 America/Sao_Paulo] PHP Fatal error:  Uncaught Exception: Class file not found, (system\Inject)(C:\terminal\live\server\system\Inject.php) in C:\terminal\live\server\system\php\autoload\helper.php:4
Stack trace:
#0 C:\terminal\live\server\system\php\autoload\default.php(10): require()
#1 [internal function]: {closure}('system\\Inject')
#2 C:\terminal\live\server\system\Request.php(5): spl_autoload_call('system\\Inject')
#3 C:\terminal\live\server\system\php\autoload\default.php(7): require_once('C:\\terminal\\liv...')
#4 [internal function]: {closure}('system\\Request')
#5 C:\terminal\live\server\system\Ambue.php(14): spl_autoload_call('system\\Request')
#6 C:\terminal\live\server\main.php(33): require('C:\\terminal\\liv...')
#7 {main}
  thrown in C:\terminal\live\server\system\php\autoload\helper.php on line 4
[20-Sep-2018 12:04:02 America/Sao_Paulo] PHP Notice:  Undefined variable: ambue in C:\terminal\live\server\system\php\autoload\helper.php on line 3
[20-Sep-2018 12:04:02 America/Sao_Paulo] PHP Fatal error:  Uncaught Exception: Helper Class file not found, (system\Inject)(C:\terminal\live\server\system\Inject.php) in C:\terminal\live\server\system\php\autoload\helper.php:5
Stack trace:
#0 C:\terminal\live\server\system\php\autoload\default.php(10): require()
#1 [internal function]: {closure}('system\\Inject')
#2 C:\terminal\live\server\system\Request.php(5): spl_autoload_call('system\\Inject')
#3 C:\terminal\live\server\system\php\autoload\default.php(7): require_once('C:\\terminal\\liv...')
#4 [internal function]: {closure}('system\\Request')
#5 C:\terminal\live\server\system\Ambue.php(14): spl_autoload_call('system\\Request')
#6 C:\terminal\live\server\main.php(33): require('C:\\terminal\\liv...')
#7 {main}
  thrown in C:\terminal\live\server\system\php\autoload\helper.php on line 5
[20-Sep-2018 12:04:17 America/Sao_Paulo] PHP Fatal error:  Uncaught Exception: Helper Class file not found, (system\Inject)(C:\terminal\live\server\system\Inject.php) in C:\terminal\live\server\system\php\autoload\helper.php:6
Stack trace:
#0 C:\terminal\live\server\system\php\autoload\default.php(10): require()
#1 [internal function]: {closure}('system\\Inject')
#2 C:\terminal\live\server\system\Request.php(5): spl_autoload_call('system\\Inject')
#3 C:\terminal\live\server\system\php\autoload\default.php(7): require_once('C:\\terminal\\liv...')
#4 [internal function]: {closure}('system\\Request')
#5 C:\terminal\live\server\system\Ambue.php(14): spl_autoload_call('system\\Request')
#6 C:\terminal\live\server\main.php(33): require('C:\\terminal\\liv...')
#7 {main}
  thrown in C:\terminal\live\server\system\php\autoload\helper.php on line 6
[20-Sep-2018 12:07:00 America/Sao_Paulo] PHP Parse error:  syntax error, unexpected end of file, expecting ';' in C:\terminal\live\server\system\php\autoload\helper.php on line 8
[20-Sep-2018 12:07:09 America/Sao_Paulo] PHP Notice:  Undefined variable: namespace in C:\terminal\live\server\system\php\autoload\helper.php on line 6
[20-Sep-2018 12:07:09 America/Sao_Paulo] PHP Notice:  Undefined variable: file in C:\terminal\live\server\system\php\autoload\helper.php on line 6
[20-Sep-2018 12:07:09 America/Sao_Paulo] PHP Fatal error:  Uncaught Exception: Helper Class file not found, ()() in C:\terminal\live\server\system\php\autoload\helper.php:6
Stack trace:
#0 C:\terminal\live\server\system\php\autoload\default.php(10): {closure}('system\\Inject')
#1 [internal function]: {closure}('system\\Inject')
#2 C:\terminal\live\server\system\Request.php(5): spl_autoload_call('system\\Inject')
#3 C:\terminal\live\server\system\php\autoload\default.php(7): require_once('C:\\terminal\\liv...')
#4 [internal function]: {closure}('system\\Request')
#5 C:\terminal\live\server\system\Ambue.php(14): spl_autoload_call('system\\Request')
#6 C:\terminal\live\server\main.php(33): require('C:\\terminal\\liv...')
#7 {main}
  thrown in C:\terminal\live\server\system\php\autoload\helper.php on line 6
[20-Sep-2018 12:07:21 America/Sao_Paulo] PHP Fatal error:  Uncaught Exception: Class file not found, (helper\Relational)(C:\terminal\live\server\helper\Relational.php) in C:\terminal\live\server\system\php\autoload\default.php:12
Stack trace:
#0 [internal function]: {closure}('helper\\Relation...')
#1 C:\terminal\live\server\applications\example\teste.php(3): spl_autoload_call('helper\\Relation...')
#2 C:\terminal\live\server\system\Navigator.php(23): Closure->{closure}()
#3 C:\terminal\live\server\applications\example\routes.php(5): system\Navigator->regex('{POST/nome/(?<n...', Object(Closure), true)
#4 C:\terminal\live\server\system\Navigator.php(14): system\Navigator->{closure}()
#5 C:\terminal\live\server\system\Ambue.php(18): system\Navigator->__construct()
#6 C:\terminal\live\server\main.php(33): require('C:\\terminal\\liv...')
#7 {main}
  thrown in C:\terminal\live\server\system\php\autoload\default.php on line 12
[20-Sep-2018 12:07:53 America/Sao_Paulo] PHP Fatal error:  Uncaught Exception: Class file not found, (helper\Relational)(C:\terminal\live\server\helper\Relational.php) in C:\terminal\live\server\system\php\autoload\default.php:12
Stack trace:
#0 [internal function]: {closure}('helper\\Relation...')
#1 C:\terminal\live\server\applications\example\teste.php(3): spl_autoload_call('helper\\Relation...')
#2 C:\terminal\live\server\system\Navigator.php(23): Closure->{closure}()
#3 C:\terminal\live\server\applications\example\routes.php(5): system\Navigator->regex('{POST/nome/(?<n...', Object(Closure), true)
#4 C:\terminal\live\server\system\Navigator.php(14): system\Navigator->{closure}()
#5 C:\terminal\live\server\system\Ambue.php(18): system\Navigator->__construct()
#6 C:\terminal\live\server\main.php(33): require('C:\\terminal\\liv...')
#7 {main}
  thrown in C:\terminal\live\server\system\php\autoload\default.php on line 12
[20-Sep-2018 12:12:57 America/Sao_Paulo] PHP Parse error:  syntax error, unexpected 'if' (T_IF) in C:\terminal\live\server\system\php\autoload\default.php on line 19
[20-Sep-2018 12:13:04 America/Sao_Paulo] PHP Fatal error:  Uncaught Exception: Class file not found, (system\Inject)(C:\terminal\live\server\system\Inject.php) in C:\terminal\live\server\system\php\autoload\default.php:23
Stack trace:
#0 [internal function]: {closure}('system\\Inject')
#1 C:\terminal\live\server\system\Request.php(5): spl_autoload_call('system\\Inject')
#2 C:\terminal\live\server\system\php\autoload\default.php(7): require_once('C:\\terminal\\liv...')
#3 [internal function]: {closure}('system\\Request')
#4 C:\terminal\live\server\system\Ambue.php(14): spl_autoload_call('system\\Request')
#5 C:\terminal\live\server\main.php(33): require('C:\\terminal\\liv...')
#6 {main}
  thrown in C:\terminal\live\server\system\php\autoload\default.php on line 23
[20-Sep-2018 12:13:08 America/Sao_Paulo] PHP Fatal error:  Uncaught Exception: Class file not found, (system\Inject)(C:\terminal\live\server\system\Inject.php) in C:\terminal\live\server\system\php\autoload\default.php:23
Stack trace:
#0 [internal function]: {closure}('system\\Inject')
#1 C:\terminal\live\server\system\Request.php(5): spl_autoload_call('system\\Inject')
#2 C:\terminal\live\server\system\php\autoload\default.php(7): require_once('C:\\terminal\\liv...')
#3 [internal function]: {closure}('system\\Request')
#4 C:\terminal\live\server\system\Ambue.php(14): spl_autoload_call('system\\Request')
#5 C:\terminal\live\server\main.php(33): require('C:\\terminal\\liv...')
#6 {main}
  thrown in C:\terminal\live\server\system\php\autoload\default.php on line 23
[20-Sep-2018 12:13:20 America/Sao_Paulo] PHP Fatal error:  Uncaught Error: Class 'helper\Relational' not found in C:\terminal\live\server\applications\example\teste.php:3
Stack trace:
#0 C:\terminal\live\server\system\Navigator.php(23): Closure->{closure}()
#1 C:\terminal\live\server\applications\example\routes.php(5): system\Navigator->regex('{POST/nome/(?<n...', Object(Closure), true)
#2 C:\terminal\live\server\system\Navigator.php(14): system\Navigator->{closure}()
#3 C:\terminal\live\server\system\Ambue.php(18): system\Navigator->__construct()
#4 C:\terminal\live\server\main.php(33): require('C:\\terminal\\liv...')
#5 {main}
  thrown in C:\terminal\live\server\applications\example\teste.php on line 3
[20-Sep-2018 12:13:33 America/Sao_Paulo] PHP Fatal error:  Uncaught Error: Class 'helper\Relational' not found in C:\terminal\live\server\applications\example\teste.php:3
Stack trace:
#0 C:\terminal\live\server\system\Navigator.php(23): Closure->{closure}()
#1 C:\terminal\live\server\applications\example\routes.php(5): system\Navigator->regex('{POST/nome/(?<n...', Object(Closure), true)
#2 C:\terminal\live\server\system\Navigator.php(14): system\Navigator->{closure}()
#3 C:\terminal\live\server\system\Ambue.php(18): system\Navigator->__construct()
#4 C:\terminal\live\server\main.php(33): require('C:\\terminal\\liv...')
#5 {main}
  thrown in C:\terminal\live\server\applications\example\teste.php on line 3
[20-Sep-2018 12:13:50 America/Sao_Paulo] PHP Fatal error:  Uncaught Error: Class 'helper\Relational' not found in C:\terminal\live\server\applications\example\teste.php:3
Stack trace:
#0 C:\terminal\live\server\system\Navigator.php(23): Closure->{closure}()
#1 C:\terminal\live\server\applications\example\routes.php(5): system\Navigator->regex('{POST/nome/(?<n...', Object(Closure), true)
#2 C:\terminal\live\server\system\Navigator.php(14): system\Navigator->{closure}()
#3 C:\terminal\live\server\system\Ambue.php(18): system\Navigator->__construct()
#4 C:\terminal\live\server\main.php(33): require('C:\\terminal\\liv...')
#5 {main}
  thrown in C:\terminal\live\server\applications\example\teste.php on line 3
[20-Sep-2018 12:13:58 America/Sao_Paulo] PHP Fatal error:  Uncaught Error: Class 'helper\Relational' not found in C:\terminal\live\server\applications\example\teste.php:3
Stack trace:
#0 C:\terminal\live\server\system\Navigator.php(23): Closure->{closure}()
#1 C:\terminal\live\server\applications\example\routes.php(5): system\Navigator->regex('{POST/nome/(?<n...', Object(Closure), true)
#2 C:\terminal\live\server\system\Navigator.php(14): system\Navigator->{closure}()
#3 C:\terminal\live\server\system\Ambue.php(18): system\Navigator->__construct()
#4 C:\terminal\live\server\main.php(33): require('C:\\terminal\\liv...')
#5 {main}
  thrown in C:\terminal\live\server\applications\example\teste.php on line 3
[20-Sep-2018 12:14:15 America/Sao_Paulo] PHP Fatal error:  Uncaught Error: Class 'helper\Relational' not found in C:\terminal\live\server\applications\example\teste.php:3
Stack trace:
#0 C:\terminal\live\server\system\Navigator.php(23): Closure->{closure}()
#1 C:\terminal\live\server\applications\example\routes.php(5): system\Navigator->regex('{POST/nome/(?<n...', Object(Closure), true)
#2 C:\terminal\live\server\system\Navigator.php(14): system\Navigator->{closure}()
#3 C:\terminal\live\server\system\Ambue.php(18): system\Navigator->__construct()
#4 C:\terminal\live\server\main.php(33): require('C:\\terminal\\liv...')
#5 {main}
  thrown in C:\terminal\live\server\applications\example\teste.php on line 3
[20-Sep-2018 12:14:30 America/Sao_Paulo] PHP Fatal error:  Uncaught Error: Class 'helper\Relational' not found in C:\terminal\live\server\applications\example\teste.php:3
Stack trace:
#0 C:\terminal\live\server\system\Navigator.php(23): Closure->{closure}()
#1 C:\terminal\live\server\applications\example\routes.php(5): system\Navigator->regex('{POST/nome/(?<n...', Object(Closure), true)
#2 C:\terminal\live\server\system\Navigator.php(14): system\Navigator->{closure}()
#3 C:\terminal\live\server\system\Ambue.php(18): system\Navigator->__construct()
#4 C:\terminal\live\server\main.php(33): require('C:\\terminal\\liv...')
#5 {main}
  thrown in C:\terminal\live\server\applications\example\teste.php on line 3
[20-Sep-2018 12:15:12 America/Sao_Paulo] PHP Fatal error:  Uncaught Error: Class 'helper\Relational' not found in C:\terminal\live\server\applications\example\teste.php:3
Stack trace:
#0 C:\terminal\live\server\system\Navigator.php(23): Closure->{closure}()
#1 C:\terminal\live\server\applications\example\routes.php(5): system\Navigator->regex('{POST/nome/(?<n...', Object(Closure), true)
#2 C:\terminal\live\server\system\Navigator.php(14): system\Navigator->{closure}()
#3 C:\terminal\live\server\system\Ambue.php(18): system\Navigator->__construct()
#4 C:\terminal\live\server\main.php(33): require('C:\\terminal\\liv...')
#5 {main}
  thrown in C:\terminal\live\server\applications\example\teste.php on line 3
[20-Sep-2018 12:15:46 America/Sao_Paulo] PHP Fatal error:  Uncaught Error: Cannot use object of type stdClass as array in C:\terminal\live\server\system\php\autoload\default.php:22
Stack trace:
#0 [internal function]: {closure}('helper\\Relation...')
#1 C:\terminal\live\server\applications\example\teste.php(3): spl_autoload_call('helper\\Relation...')
#2 C:\terminal\live\server\system\Navigator.php(23): Closure->{closure}()
#3 C:\terminal\live\server\applications\example\routes.php(5): system\Navigator->regex('{POST/nome/(?<n...', Object(Closure), true)
#4 C:\terminal\live\server\system\Navigator.php(14): system\Navigator->{closure}()
#5 C:\terminal\live\server\system\Ambue.php(18): system\Navigator->__construct()
#6 C:\terminal\live\server\main.php(33): require('C:\\terminal\\liv...')
#7 {main}
  thrown in C:\terminal\live\server\system\php\autoload\default.php on line 22
[20-Sep-2018 12:15:57 America/Sao_Paulo] PHP Fatal error:  Uncaught Error: Class 'helper\Relational' not found in C:\terminal\live\server\applications\example\teste.php:3
Stack trace:
#0 C:\terminal\live\server\system\Navigator.php(23): Closure->{closure}()
#1 C:\terminal\live\server\applications\example\routes.php(5): system\Navigator->regex('{POST/nome/(?<n...', Object(Closure), true)
#2 C:\terminal\live\server\system\Navigator.php(14): system\Navigator->{closure}()
#3 C:\terminal\live\server\system\Ambue.php(18): system\Navigator->__construct()
#4 C:\terminal\live\server\main.php(33): require('C:\\terminal\\liv...')
#5 {main}
  thrown in C:\terminal\live\server\applications\example\teste.php on line 3
[20-Sep-2018 12:20:46 America/Sao_Paulo] PHP Parse error:  syntax error, unexpected '}', expecting ';' in C:\terminal\live\server\system\php\autoload\default.php on line 26
[20-Sep-2018 12:20:54 America/Sao_Paulo] PHP Parse error:  syntax error, unexpected '}', expecting ';' in C:\terminal\live\server\system\php\autoload\default.php on line 26
[20-Sep-2018 12:21:02 America/Sao_Paulo] PHP Fatal error:  Uncaught Error: Class 'helper\Relational' not found in C:\terminal\live\server\applications\example\teste.php:3
Stack trace:
#0 C:\terminal\live\server\system\Navigator.php(23): Closure->{closure}()
#1 C:\terminal\live\server\applications\example\routes.php(5): system\Navigator->regex('{POST/nome/(?<n...', Object(Closure), true)
#2 C:\terminal\live\server\system\Navigator.php(14): system\Navigator->{closure}()
#3 C:\terminal\live\server\system\Ambue.php(18): system\Navigator->__construct()
#4 C:\terminal\live\server\main.php(33): require('C:\\terminal\\liv...')
#5 {main}
  thrown in C:\terminal\live\server\applications\example\teste.php on line 3
[20-Sep-2018 12:21:32 America/Sao_Paulo] PHP Fatal error:  Uncaught Error: Class 'helper\Relational' not found in C:\terminal\live\server\applications\example\teste.php:3
Stack trace:
#0 C:\terminal\live\server\system\Navigator.php(23): Closure->{closure}()
#1 C:\terminal\live\server\applications\example\routes.php(5): system\Navigator->regex('{POST/nome/(?<n...', Object(Closure), true)
#2 C:\terminal\live\server\system\Navigator.php(14): system\Navigator->{closure}()
#3 C:\terminal\live\server\system\Ambue.php(18): system\Navigator->__construct()
#4 C:\terminal\live\server\main.php(33): require('C:\\terminal\\liv...')
#5 {main}
  thrown in C:\terminal\live\server\applications\example\teste.php on line 3
[20-Sep-2018 12:21:57 America/Sao_Paulo] PHP Fatal error:  Uncaught Error: Class 'helper\Relational' not found in C:\terminal\live\server\applications\example\teste.php:3
Stack trace:
#0 C:\terminal\live\server\system\Navigator.php(23): Closure->{closure}()
#1 C:\terminal\live\server\applications\example\routes.php(5): system\Navigator->regex('{POST/nome/(?<n...', Object(Closure), true)
#2 C:\terminal\live\server\system\Navigator.php(14): system\Navigator->{closure}()
#3 C:\terminal\live\server\system\Ambue.php(18): system\Navigator->__construct()
#4 C:\terminal\live\server\main.php(33): require('C:\\terminal\\liv...')
#5 {main}
  thrown in C:\terminal\live\server\applications\example\teste.php on line 3
[20-Sep-2018 12:22:10 America/Sao_Paulo] PHP Fatal error:  Uncaught Error: Class 'helper\Relational' not found in C:\terminal\live\server\applications\example\teste.php:3
Stack trace:
#0 C:\terminal\live\server\system\Navigator.php(23): Closure->{closure}()
#1 C:\terminal\live\server\applications\example\routes.php(5): system\Navigator->regex('{POST/nome/(?<n...', Object(Closure), true)
#2 C:\terminal\live\server\system\Navigator.php(14): system\Navigator->{closure}()
#3 C:\terminal\live\server\system\Ambue.php(18): system\Navigator->__construct()
#4 C:\terminal\live\server\main.php(33): require('C:\\terminal\\liv...')
#5 {main}
  thrown in C:\terminal\live\server\applications\example\teste.php on line 3
[20-Sep-2018 12:22:31 America/Sao_Paulo] PHP Fatal error:  Uncaught Error: Class 'helper\Relational' not found in C:\terminal\live\server\applications\example\teste.php:3
Stack trace:
#0 C:\terminal\live\server\system\Navigator.php(23): Closure->{closure}()
#1 C:\terminal\live\server\applications\example\routes.php(5): system\Navigator->regex('{POST/nome/(?<n...', Object(Closure), true)
#2 C:\terminal\live\server\system\Navigator.php(14): system\Navigator->{closure}()
#3 C:\terminal\live\server\system\Ambue.php(18): system\Navigator->__construct()
#4 C:\terminal\live\server\main.php(33): require('C:\\terminal\\liv...')
#5 {main}
  thrown in C:\terminal\live\server\applications\example\teste.php on line 3
[20-Sep-2018 12:22:51 America/Sao_Paulo] PHP Fatal error:  Uncaught Error: Class 'helper\Relational' not found in C:\terminal\live\server\applications\example\teste.php:3
Stack trace:
#0 C:\terminal\live\server\system\Navigator.php(23): Closure->{closure}()
#1 C:\terminal\live\server\applications\example\routes.php(5): system\Navigator->regex('{POST/nome/(?<n...', Object(Closure), true)
#2 C:\terminal\live\server\system\Navigator.php(14): system\Navigator->{closure}()
#3 C:\terminal\live\server\system\Ambue.php(18): system\Navigator->__construct()
#4 C:\terminal\live\server\main.php(33): require('C:\\terminal\\liv...')
#5 {main}
  thrown in C:\terminal\live\server\applications\example\teste.php on line 3
[20-Sep-2018 12:22:57 America/Sao_Paulo] PHP Fatal error:  Uncaught Error: Class 'helper\Relational' not found in C:\terminal\live\server\applications\example\teste.php:3
Stack trace:
#0 C:\terminal\live\server\system\Navigator.php(23): Closure->{closure}()
#1 C:\terminal\live\server\applications\example\routes.php(5): system\Navigator->regex('{POST/nome/(?<n...', Object(Closure), true)
#2 C:\terminal\live\server\system\Navigator.php(14): system\Navigator->{closure}()
#3 C:\terminal\live\server\system\Ambue.php(18): system\Navigator->__construct()
#4 C:\terminal\live\server\main.php(33): require('C:\\terminal\\liv...')
#5 {main}
  thrown in C:\terminal\live\server\applications\example\teste.php on line 3
[20-Sep-2018 12:25:10 America/Sao_Paulo] PHP Fatal error:  Uncaught Exception: Class file not found, (system\Inject)(C:\terminal\live\server\system\Inject.php) in C:\terminal\live\server\system\php\autoload\default.php:37
Stack trace:
#0 [internal function]: {closure}('system\\Inject')
#1 C:\terminal\live\server\system\Request.php(5): spl_autoload_call('system\\Inject')
#2 C:\terminal\live\server\system\php\autoload\default.php(7): require_once('C:\\terminal\\liv...')
#3 [internal function]: {closure}('system\\Request')
#4 C:\terminal\live\server\system\Ambue.php(14): spl_autoload_call('system\\Request')
#5 C:\terminal\live\server\main.php(33): require('C:\\terminal\\liv...')
#6 {main}
  thrown in C:\terminal\live\server\system\php\autoload\default.php on line 37
[20-Sep-2018 12:28:13 America/Sao_Paulo] PHP Parse error:  syntax error, unexpected '$trimmedNamespace' (T_VARIABLE) in C:\terminal\live\server\system\php\autoload\default.php on line 11
[20-Sep-2018 12:28:22 America/Sao_Paulo] PHP Fatal error:  Uncaught Error: Class 'helper\Relational' not found in C:\terminal\live\server\applications\example\teste.php:3
Stack trace:
#0 C:\terminal\live\server\system\Navigator.php(23): Closure->{closure}()
#1 C:\terminal\live\server\applications\example\routes.php(5): system\Navigator->regex('{POST/nome/(?<n...', Object(Closure), true)
#2 C:\terminal\live\server\system\Navigator.php(14): system\Navigator->{closure}()
#3 C:\terminal\live\server\system\Ambue.php(18): system\Navigator->__construct()
#4 C:\terminal\live\server\main.php(33): require('C:\\terminal\\liv...')
#5 {main}
  thrown in C:\terminal\live\server\applications\example\teste.php on line 3
[20-Sep-2018 12:28:58 America/Sao_Paulo] PHP Fatal error:  Uncaught Error: Class 'helper\Relational' not found in C:\terminal\live\server\applications\example\teste.php:3
Stack trace:
#0 C:\terminal\live\server\system\Navigator.php(23): Closure->{closure}()
#1 C:\terminal\live\server\applications\example\routes.php(5): system\Navigator->regex('{POST/nome/(?<n...', Object(Closure), true)
#2 C:\terminal\live\server\system\Navigator.php(14): system\Navigator->{closure}()
#3 C:\terminal\live\server\system\Ambue.php(18): system\Navigator->__construct()
#4 C:\terminal\live\server\main.php(33): require('C:\\terminal\\liv...')
#5 {main}
  thrown in C:\terminal\live\server\applications\example\teste.php on line 3
[20-Sep-2018 12:29:09 America/Sao_Paulo] PHP Fatal error:  Uncaught ArgumentCountError: Too few arguments to function class@anonymous::__construct(), 0 passed in C:\terminal\live\server\system\php\autoload\special-cases.php on line 1 and exactly 1 expected in C:\terminal\live\server\system\php\autoload\special-cases.php:2
Stack trace:
#0 C:\terminal\live\server\system\php\autoload\special-cases.php(1): class@anonymous->__construct()
#1 C:\terminal\live\server\system\php\autoload\default.php(9): require('C:\\terminal\\liv...')
#2 [internal function]: {closure}('system\\Inject')
#3 C:\terminal\live\server\system\Request.php(5): spl_autoload_call('system\\Inject')
#4 C:\terminal\live\server\system\php\autoload\default.php(7): require_once('C:\\terminal\\liv...')
#5 [internal function]: {closure}('system\\Request')
#6 C:\terminal\live\server\system\Ambue.php(14): spl_autoload_call('system\\Request')
#7 C:\terminal\live\server\main.php(33): require('C:\\terminal\\liv...')
#8 {main}
  thrown in C:\terminal\live\server\system\php\autoload\special-cases.php on line 2
[20-Sep-2018 12:29:21 America/Sao_Paulo] PHP Fatal error:  Uncaught ArgumentCountError: Too few arguments to function class@anonymous::__construct(), 0 passed in C:\terminal\live\server\system\php\autoload\special-cases.php on line 1 and exactly 1 expected in C:\terminal\live\server\system\php\autoload\special-cases.php:2
Stack trace:
#0 C:\terminal\live\server\system\php\autoload\special-cases.php(1): class@anonymous->__construct()
#1 C:\terminal\live\server\system\php\autoload\default.php(9): require('C:\\terminal\\liv...')
#2 [internal function]: {closure}('system\\Inject')
#3 C:\terminal\live\server\system\Request.php(5): spl_autoload_call('system\\Inject')
#4 C:\terminal\live\server\system\php\autoload\default.php(7): require_once('C:\\terminal\\liv...')
#5 [internal function]: {closure}('system\\Request')
#6 C:\terminal\live\server\system\Ambue.php(14): spl_autoload_call('system\\Request')
#7 C:\terminal\live\server\main.php(33): require('C:\\terminal\\liv...')
#8 {main}
  thrown in C:\terminal\live\server\system\php\autoload\special-cases.php on line 2
[20-Sep-2018 12:30:22 America/Sao_Paulo] PHP Parse error:  syntax error, unexpected '(', expecting ';' in C:\terminal\live\server\system\php\autoload\special-cases.php on line 7
[20-Sep-2018 12:34:25 America/Sao_Paulo] PHP Fatal error:  Uncaught ArgumentCountError: Too few arguments to function class@anonymous::__construct(), 0 passed in C:\terminal\live\server\system\php\autoload\special-cases.php on line 2 and exactly 1 expected in C:\terminal\live\server\system\php\autoload\special-cases.php:3
Stack trace:
#0 C:\terminal\live\server\system\php\autoload\special-cases.php(2): class@anonymous->__construct()
#1 C:\terminal\live\server\system\php\autoload\default.php(9): {closure}('system\\Inject')
#2 [internal function]: {closure}('system\\Inject')
#3 C:\terminal\live\server\system\Request.php(5): spl_autoload_call('system\\Inject')
#4 C:\terminal\live\server\system\php\autoload\default.php(7): require_once('C:\\terminal\\liv...')
#5 [internal function]: {closure}('system\\Request')
#6 C:\terminal\live\server\system\Ambue.php(14): spl_autoload_call('system\\Request')
#7 C:\terminal\live\server\main.php(33): require('C:\\terminal\\liv...')
#8 {main}
  thrown in C:\terminal\live\server\system\php\autoload\special-cases.php on line 3
[20-Sep-2018 12:34:49 America/Sao_Paulo] PHP Fatal error:  Uncaught Error: Class 'helper\Relational' not found in C:\terminal\live\server\applications\example\teste.php:3
Stack trace:
#0 C:\terminal\live\server\system\Navigator.php(23): Closure->{closure}()
#1 C:\terminal\live\server\applications\example\routes.php(5): system\Navigator->regex('{POST/nome/(?<n...', Object(Closure), true)
#2 C:\terminal\live\server\system\Navigator.php(14): system\Navigator->{closure}()
#3 C:\terminal\live\server\system\Ambue.php(18): system\Navigator->__construct()
#4 C:\terminal\live\server\main.php(33): require('C:\\terminal\\liv...')
#5 {main}
  thrown in C:\terminal\live\server\applications\example\teste.php on line 3
[20-Sep-2018 12:34:53 America/Sao_Paulo] PHP Fatal error:  Uncaught Error: Class 'helper\Relational' not found in C:\terminal\live\server\applications\example\teste.php:3
Stack trace:
#0 C:\terminal\live\server\system\Navigator.php(23): Closure->{closure}()
#1 C:\terminal\live\server\applications\example\routes.php(5): system\Navigator->regex('{POST/nome/(?<n...', Object(Closure), true)
#2 C:\terminal\live\server\system\Navigator.php(14): system\Navigator->{closure}()
#3 C:\terminal\live\server\system\Ambue.php(18): system\Navigator->__construct()
#4 C:\terminal\live\server\main.php(33): require('C:\\terminal\\liv...')
#5 {main}
  thrown in C:\terminal\live\server\applications\example\teste.php on line 3
[20-Sep-2018 12:35:19 America/Sao_Paulo] PHP Fatal error:  Uncaught Error: Class 'helper\Relational' not found in C:\terminal\live\server\applications\example\teste.php:3
Stack trace:
#0 C:\terminal\live\server\system\Navigator.php(23): Closure->{closure}()
#1 C:\terminal\live\server\applications\example\routes.php(5): system\Navigator->regex('{POST/nome/(?<n...', Object(Closure), true)
#2 C:\terminal\live\server\system\Navigator.php(14): system\Navigator->{closure}()
#3 C:\terminal\live\server\system\Ambue.php(18): system\Navigator->__construct()
#4 C:\terminal\live\server\main.php(33): require('C:\\terminal\\liv...')
#5 {main}
  thrown in C:\terminal\live\server\applications\example\teste.php on line 3
[20-Sep-2018 12:40:20 America/Sao_Paulo] PHP Notice:  Undefined property: system\Ambue::$runtime in C:\terminal\live\server\system\php\autoload\special-cases.php on line 12
[20-Sep-2018 12:40:20 America/Sao_Paulo] PHP Notice:  Trying to get property 'application' of non-object in C:\terminal\live\server\system\php\autoload\special-cases.php on line 12
[20-Sep-2018 12:40:20 America/Sao_Paulo] PHP Notice:  Trying to get property 'helpers' of non-object in C:\terminal\live\server\system\php\autoload\special-cases.php on line 12
[20-Sep-2018 12:40:46 America/Sao_Paulo] PHP Notice:  Undefined property: system\Ambue::$runtime in C:\terminal\live\server\system\php\autoload\special-cases.php on line 12
[20-Sep-2018 12:40:46 America/Sao_Paulo] PHP Notice:  Trying to get property 'application' of non-object in C:\terminal\live\server\system\php\autoload\special-cases.php on line 12
[20-Sep-2018 12:40:46 America/Sao_Paulo] PHP Notice:  Trying to get property 'helpers' of non-object in C:\terminal\live\server\system\php\autoload\special-cases.php on line 12
[20-Sep-2018 12:43:22 America/Sao_Paulo] PHP Notice:  Undefined variable: ambue in C:\terminal\live\server\system\php\autoload\special-cases.php on line 7
[20-Sep-2018 12:43:23 America/Sao_Paulo] PHP Notice:  Undefined variable: ambue in C:\terminal\live\server\system\php\autoload\special-cases.php on line 7
[20-Sep-2018 12:43:24 America/Sao_Paulo] PHP Notice:  Undefined variable: ambue in C:\terminal\live\server\system\php\autoload\special-cases.php on line 7
[20-Sep-2018 12:43:25 America/Sao_Paulo] PHP Notice:  Undefined variable: ambue in C:\terminal\live\server\system\php\autoload\special-cases.php on line 7
[20-Sep-2018 12:43:25 America/Sao_Paulo] PHP Notice:  Undefined variable: ambue in C:\terminal\live\server\system\php\autoload\special-cases.php on line 7
[20-Sep-2018 12:43:34 America/Sao_Paulo] PHP Notice:  Undefined variable: ambue in C:\terminal\live\server\system\php\autoload\special-cases.php on line 7
[20-Sep-2018 12:43:35 America/Sao_Paulo] PHP Notice:  Undefined variable: ambue in C:\terminal\live\server\system\php\autoload\special-cases.php on line 7
[20-Sep-2018 12:43:35 America/Sao_Paulo] PHP Notice:  Undefined variable: ambue in C:\terminal\live\server\system\php\autoload\special-cases.php on line 7
[20-Sep-2018 12:43:41 America/Sao_Paulo] PHP Notice:  Undefined variable: ambue in C:\terminal\live\server\system\php\autoload\special-cases.php on line 7
[20-Sep-2018 12:43:41 America/Sao_Paulo] PHP Notice:  Undefined variable: ambue in C:\terminal\live\server\system\php\autoload\special-cases.php on line 7
[20-Sep-2018 12:43:41 America/Sao_Paulo] PHP Notice:  Undefined variable: ambue in C:\terminal\live\server\system\php\autoload\special-cases.php on line 7
[20-Sep-2018 12:43:41 America/Sao_Paulo] PHP Notice:  Undefined variable: ambue in C:\terminal\live\server\system\php\autoload\special-cases.php on line 7
[20-Sep-2018 12:43:41 America/Sao_Paulo] PHP Notice:  Undefined variable: ambue in C:\terminal\live\server\system\php\autoload\special-cases.php on line 7
[20-Sep-2018 12:43:41 America/Sao_Paulo] PHP Notice:  Undefined variable: ambue in C:\terminal\live\server\system\php\autoload\special-cases.php on line 7
[20-Sep-2018 12:43:41 America/Sao_Paulo] PHP Notice:  Undefined variable: ambue in C:\terminal\live\server\system\php\autoload\special-cases.php on line 7
[20-Sep-2018 12:43:41 America/Sao_Paulo] PHP Notice:  Undefined variable: ambue in C:\terminal\live\server\system\php\autoload\special-cases.php on line 7
[20-Sep-2018 12:43:41 America/Sao_Paulo] PHP Fatal error:  Uncaught Error: Class 'helper\Relational' not found in C:\terminal\live\server\applications\example\teste.php:3
Stack trace:
#0 C:\terminal\live\server\system\Navigator.php(23): Closure->{closure}()
#1 C:\terminal\live\server\applications\example\routes.php(5): system\Navigator->regex('{POST/nome/(?<n...', Object(Closure), true)
#2 C:\terminal\live\server\system\Navigator.php(14): system\Navigator->{closure}()
#3 C:\terminal\live\server\system\Ambue.php(18): system\Navigator->__construct()
#4 C:\terminal\live\server\main.php(33): require('C:\\terminal\\liv...')
#5 {main}
  thrown in C:\terminal\live\server\applications\example\teste.php on line 3
[20-Sep-2018 12:43:42 America/Sao_Paulo] PHP Notice:  Undefined variable: ambue in C:\terminal\live\server\system\php\autoload\special-cases.php on line 7
[20-Sep-2018 12:43:42 America/Sao_Paulo] PHP Notice:  Undefined variable: ambue in C:\terminal\live\server\system\php\autoload\special-cases.php on line 7
[20-Sep-2018 12:43:42 America/Sao_Paulo] PHP Notice:  Undefined variable: ambue in C:\terminal\live\server\system\php\autoload\special-cases.php on line 7
[20-Sep-2018 12:43:42 America/Sao_Paulo] PHP Notice:  Undefined variable: ambue in C:\terminal\live\server\system\php\autoload\special-cases.php on line 7
[20-Sep-2018 12:43:42 America/Sao_Paulo] PHP Notice:  Undefined variable: ambue in C:\terminal\live\server\system\php\autoload\special-cases.php on line 7
[20-Sep-2018 12:43:42 America/Sao_Paulo] PHP Notice:  Undefined variable: ambue in C:\terminal\live\server\system\php\autoload\special-cases.php on line 7
[20-Sep-2018 12:43:42 America/Sao_Paulo] PHP Notice:  Undefined variable: ambue in C:\terminal\live\server\system\php\autoload\special-cases.php on line 7
[20-Sep-2018 12:43:42 America/Sao_Paulo] PHP Notice:  Undefined variable: ambue in C:\terminal\live\server\system\php\autoload\special-cases.php on line 7
[20-Sep-2018 12:43:42 America/Sao_Paulo] PHP Fatal error:  Uncaught Error: Class 'helper\Relational' not found in C:\terminal\live\server\applications\example\teste.php:3
Stack trace:
#0 C:\terminal\live\server\system\Navigator.php(23): Closure->{closure}()
#1 C:\terminal\live\server\applications\example\routes.php(5): system\Navigator->regex('{POST/nome/(?<n...', Object(Closure), true)
#2 C:\terminal\live\server\system\Navigator.php(14): system\Navigator->{closure}()
#3 C:\terminal\live\server\system\Ambue.php(18): system\Navigator->__construct()
#4 C:\terminal\live\server\main.php(33): require('C:\\terminal\\liv...')
#5 {main}
  thrown in C:\terminal\live\server\applications\example\teste.php on line 3
[20-Sep-2018 12:43:49 America/Sao_Paulo] PHP Notice:  Undefined variable: ambue in C:\terminal\live\server\system\php\autoload\special-cases.php on line 7
[20-Sep-2018 12:43:49 America/Sao_Paulo] PHP Notice:  Undefined variable: ambue in C:\terminal\live\server\system\php\autoload\special-cases.php on line 7
[20-Sep-2018 12:43:49 America/Sao_Paulo] PHP Notice:  Undefined variable: ambue in C:\terminal\live\server\system\php\autoload\special-cases.php on line 7
[20-Sep-2018 12:43:49 America/Sao_Paulo] PHP Notice:  Undefined variable: ambue in C:\terminal\live\server\system\php\autoload\special-cases.php on line 7
[20-Sep-2018 12:43:49 America/Sao_Paulo] PHP Notice:  Undefined variable: ambue in C:\terminal\live\server\system\php\autoload\special-cases.php on line 7
[20-Sep-2018 12:43:49 America/Sao_Paulo] PHP Notice:  Undefined variable: ambue in C:\terminal\live\server\system\php\autoload\special-cases.php on line 7
[20-Sep-2018 12:43:49 America/Sao_Paulo] PHP Notice:  Undefined variable: ambue in C:\terminal\live\server\system\php\autoload\special-cases.php on line 7
[20-Sep-2018 12:43:49 America/Sao_Paulo] PHP Notice:  Undefined variable: ambue in C:\terminal\live\server\system\php\autoload\special-cases.php on line 7
[20-Sep-2018 12:43:49 America/Sao_Paulo] PHP Fatal error:  Uncaught Error: Class 'helper\Relational' not found in C:\terminal\live\server\applications\example\teste.php:3
Stack trace:
#0 C:\terminal\live\server\system\Navigator.php(23): Closure->{closure}()
#1 C:\terminal\live\server\applications\example\routes.php(5): system\Navigator->regex('{POST/nome/(?<n...', Object(Closure), true)
#2 C:\terminal\live\server\system\Navigator.php(14): system\Navigator->{closure}()
#3 C:\terminal\live\server\system\Ambue.php(18): system\Navigator->__construct()
#4 C:\terminal\live\server\main.php(33): require('C:\\terminal\\liv...')
#5 {main}
  thrown in C:\terminal\live\server\applications\example\teste.php on line 3
[20-Sep-2018 12:43:51 America/Sao_Paulo] PHP Notice:  Undefined variable: ambue in C:\terminal\live\server\system\php\autoload\special-cases.php on line 7
[20-Sep-2018 12:43:51 America/Sao_Paulo] PHP Notice:  Undefined variable: ambue in C:\terminal\live\server\system\php\autoload\special-cases.php on line 7
[20-Sep-2018 12:43:51 America/Sao_Paulo] PHP Notice:  Undefined variable: ambue in C:\terminal\live\server\system\php\autoload\special-cases.php on line 7
[20-Sep-2018 12:43:51 America/Sao_Paulo] PHP Notice:  Undefined variable: ambue in C:\terminal\live\server\system\php\autoload\special-cases.php on line 7
[20-Sep-2018 12:43:51 America/Sao_Paulo] PHP Notice:  Undefined variable: ambue in C:\terminal\live\server\system\php\autoload\special-cases.php on line 7
[20-Sep-2018 12:43:51 America/Sao_Paulo] PHP Notice:  Undefined variable: ambue in C:\terminal\live\server\system\php\autoload\special-cases.php on line 7
[20-Sep-2018 12:43:51 America/Sao_Paulo] PHP Notice:  Undefined variable: ambue in C:\terminal\live\server\system\php\autoload\special-cases.php on line 7
[20-Sep-2018 12:43:51 America/Sao_Paulo] PHP Notice:  Undefined variable: ambue in C:\terminal\live\server\system\php\autoload\special-cases.php on line 7
[20-Sep-2018 12:43:51 America/Sao_Paulo] PHP Fatal error:  Uncaught Error: Class 'helper\Relational' not found in C:\terminal\live\server\applications\example\teste.php:3
Stack trace:
#0 C:\terminal\live\server\system\Navigator.php(23): Closure->{closure}()
#1 C:\terminal\live\server\applications\example\routes.php(5): system\Navigator->regex('{POST/nome/(?<n...', Object(Closure), true)
#2 C:\terminal\live\server\system\Navigator.php(14): system\Navigator->{closure}()
#3 C:\terminal\live\server\system\Ambue.php(18): system\Navigator->__construct()
#4 C:\terminal\live\server\main.php(33): require('C:\\terminal\\liv...')
#5 {main}
  thrown in C:\terminal\live\server\applications\example\teste.php on line 3
[20-Sep-2018 12:43:54 America/Sao_Paulo] PHP Notice:  Undefined variable: ambue in C:\terminal\live\server\system\php\autoload\special-cases.php on line 7
[20-Sep-2018 12:43:54 America/Sao_Paulo] PHP Notice:  Undefined variable: ambue in C:\terminal\live\server\system\php\autoload\special-cases.php on line 7
[20-Sep-2018 12:43:54 America/Sao_Paulo] PHP Notice:  Undefined variable: ambue in C:\terminal\live\server\system\php\autoload\special-cases.php on line 7
[20-Sep-2018 12:43:54 America/Sao_Paulo] PHP Notice:  Undefined variable: ambue in C:\terminal\live\server\system\php\autoload\special-cases.php on line 7
[20-Sep-2018 12:43:54 America/Sao_Paulo] PHP Notice:  Undefined variable: ambue in C:\terminal\live\server\system\php\autoload\special-cases.php on line 7
[20-Sep-2018 12:43:54 America/Sao_Paulo] PHP Notice:  Undefined variable: ambue in C:\terminal\live\server\system\php\autoload\special-cases.php on line 7
[20-Sep-2018 12:43:54 America/Sao_Paulo] PHP Notice:  Undefined variable: ambue in C:\terminal\live\server\system\php\autoload\special-cases.php on line 7
[20-Sep-2018 12:43:54 America/Sao_Paulo] PHP Notice:  Undefined variable: ambue in C:\terminal\live\server\system\php\autoload\special-cases.php on line 7
[20-Sep-2018 12:43:54 America/Sao_Paulo] PHP Fatal error:  Uncaught Error: Class 'helper\Relational' not found in C:\terminal\live\server\applications\example\teste.php:3
Stack trace:
#0 C:\terminal\live\server\system\Navigator.php(23): Closure->{closure}()
#1 C:\terminal\live\server\applications\example\routes.php(5): system\Navigator->regex('{POST/nome/(?<n...', Object(Closure), true)
#2 C:\terminal\live\server\system\Navigator.php(14): system\Navigator->{closure}()
#3 C:\terminal\live\server\system\Ambue.php(18): system\Navigator->__construct()
#4 C:\terminal\live\server\main.php(33): require('C:\\terminal\\liv...')
#5 {main}
  thrown in C:\terminal\live\server\applications\example\teste.php on line 3
[20-Sep-2018 12:44:09 America/Sao_Paulo] PHP Notice:  Undefined variable: ambue in C:\terminal\live\server\system\php\autoload\special-cases.php on line 7
[20-Sep-2018 12:44:09 America/Sao_Paulo] PHP Fatal error:  Uncaught Error: Class 'helper\Relational' not found in C:\terminal\live\server\applications\example\teste.php:3
Stack trace:
#0 C:\terminal\live\server\system\Navigator.php(23): Closure->{closure}()
#1 C:\terminal\live\server\applications\example\routes.php(5): system\Navigator->regex('{POST/nome/(?<n...', Object(Closure), true)
#2 C:\terminal\live\server\system\Navigator.php(14): system\Navigator->{closure}()
#3 C:\terminal\live\server\system\Ambue.php(18): system\Navigator->__construct()
#4 C:\terminal\live\server\main.php(33): require('C:\\terminal\\liv...')
#5 {main}
  thrown in C:\terminal\live\server\applications\example\teste.php on line 3
[20-Sep-2018 12:45:55 America/Sao_Paulo] PHP Notice:  Undefined variable: namespace in C:\terminal\live\server\system\php\autoload\special-cases.php on line 2
[20-Sep-2018 12:45:55 America/Sao_Paulo] PHP Fatal error:  Uncaught ArgumentCountError: Too few arguments to function class@anonymous::__construct(), 1 passed in C:\terminal\live\server\system\php\autoload\special-cases.php on line 2 and exactly 2 expected in C:\terminal\live\server\system\php\autoload\special-cases.php:7
Stack trace:
#0 C:\terminal\live\server\system\php\autoload\special-cases.php(2): class@anonymous->__construct(NULL)
#1 C:\terminal\live\server\system\php\autoload\default.php(9): {closure}('helper\\Relation...')
#2 [internal function]: {closure}('helper\\Relation...')
#3 C:\terminal\live\server\applications\example\teste.php(3): spl_autoload_call('helper\\Relation...')
#4 C:\terminal\live\server\system\Navigator.php(23): Closure->{closure}()
#5 C:\terminal\live\server\applications\example\routes.php(5): system\Navigator->regex('{POST/nome/(?<n...', Object(Closure), true)
#6 C:\terminal\live\server\system\Navigator.php(14): system\Navigator->{closure}()
#7 C:\terminal\live\server\system\Ambue.php(18): system\Navigator->__construct()
#8 C:\terminal\l in C:\terminal\live\server\system\php\autoload\special-cases.php on line 7
[20-Sep-2018 12:46:12 America/Sao_Paulo] PHP Fatal error:  Uncaught ArgumentCountError: Too few arguments to function class@anonymous::__construct(), 1 passed in C:\terminal\live\server\system\php\autoload\special-cases.php on line 2 and exactly 2 expected in C:\terminal\live\server\system\php\autoload\special-cases.php:7
Stack trace:
#0 C:\terminal\live\server\system\php\autoload\special-cases.php(2): class@anonymous->__construct('helper\\Relation...')
#1 C:\terminal\live\server\system\php\autoload\default.php(9): {closure}('helper\\Relation...')
#2 [internal function]: {closure}('helper\\Relation...')
#3 C:\terminal\live\server\applications\example\teste.php(3): spl_autoload_call('helper\\Relation...')
#4 C:\terminal\live\server\system\Navigator.php(23): Closure->{closure}()
#5 C:\terminal\live\server\applications\example\routes.php(5): system\Navigator->regex('{POST/nome/(?<n...', Object(Closure), true)
#6 C:\terminal\live\server\system\Navigator.php(14): system\Navigator->{closure}()
#7 C:\terminal\live\server\system\Ambue.php(18): system\Navigator->__construct() in C:\terminal\live\server\system\php\autoload\special-cases.php on line 7
[20-Sep-2018 12:46:21 America/Sao_Paulo] PHP Fatal error:  Uncaught Error: Class 'helper\Relational' not found in C:\terminal\live\server\applications\example\teste.php:3
Stack trace:
#0 C:\terminal\live\server\system\Navigator.php(23): Closure->{closure}()
#1 C:\terminal\live\server\applications\example\routes.php(5): system\Navigator->regex('{POST/nome/(?<n...', Object(Closure), true)
#2 C:\terminal\live\server\system\Navigator.php(14): system\Navigator->{closure}()
#3 C:\terminal\live\server\system\Ambue.php(18): system\Navigator->__construct()
#4 C:\terminal\live\server\main.php(33): require('C:\\terminal\\liv...')
#5 {main}
  thrown in C:\terminal\live\server\applications\example\teste.php on line 3
[20-Sep-2018 12:51:10 America/Sao_Paulo] PHP Fatal error:  Uncaught Error: Class 'helper\Relational' not found in C:\terminal\live\server\applications\example\teste.php:3
Stack trace:
#0 C:\terminal\live\server\system\Navigator.php(23): Closure->{closure}()
#1 C:\terminal\live\server\applications\example\routes.php(5): system\Navigator->regex('{POST/nome/(?<n...', Object(Closure), true)
#2 C:\terminal\live\server\system\Navigator.php(14): system\Navigator->{closure}()
#3 C:\terminal\live\server\system\Ambue.php(18): system\Navigator->__construct()
#4 C:\terminal\live\server\main.php(33): require('C:\\terminal\\liv...')
#5 {main}
  thrown in C:\terminal\live\server\applications\example\teste.php on line 3
[20-Sep-2018 12:52:57 America/Sao_Paulo] PHP Notice:  Undefined variable: ambue in C:\terminal\live\server\system\php\autoload\default.php on line 13
[20-Sep-2018 12:52:57 America/Sao_Paulo] PHP Notice:  Trying to get property 'runtime' of non-object in C:\terminal\live\server\system\php\autoload\default.php on line 13
[20-Sep-2018 12:52:57 America/Sao_Paulo] PHP Notice:  Trying to get property 'application' of non-object in C:\terminal\live\server\system\php\autoload\default.php on line 13
[20-Sep-2018 12:52:57 America/Sao_Paulo] PHP Notice:  Trying to get property 'helpers' of non-object in C:\terminal\live\server\system\php\autoload\default.php on line 13
[20-Sep-2018 12:52:57 America/Sao_Paulo] PHP Notice:  Undefined variable: ambue in C:\terminal\live\server\system\php\autoload\default.php on line 14
[20-Sep-2018 12:52:57 America/Sao_Paulo] PHP Notice:  Trying to get property 'runtime' of non-object in C:\terminal\live\server\system\php\autoload\default.php on line 14
[20-Sep-2018 12:52:57 America/Sao_Paulo] PHP Notice:  Trying to get property 'helpers' of non-object in C:\terminal\live\server\system\php\autoload\default.php on line 14
[20-Sep-2018 12:54:56 America/Sao_Paulo] PHP Fatal error:  Uncaught Error: Class 'helper\RelationalA' not found in C:\terminal\live\server\applications\example\teste.php:3
Stack trace:
#0 C:\terminal\live\server\system\Navigator.php(23): Closure->{closure}()
#1 C:\terminal\live\server\applications\example\routes.php(5): system\Navigator->regex('{POST/nome/(?<n...', Object(Closure), true)
#2 C:\terminal\live\server\system\Navigator.php(14): system\Navigator->{closure}()
#3 C:\terminal\live\server\system\Ambue.php(18): system\Navigator->__construct()
#4 C:\terminal\live\server\main.php(33): require('C:\\terminal\\liv...')
#5 {main}
  thrown in C:\terminal\live\server\applications\example\teste.php on line 3
[20-Sep-2018 12:56:03 America/Sao_Paulo] PHP Fatal error:  Uncaught Exception: Class file not found! Class Name: helper\RelationalA, File: C:\terminal\live\server\helper\RelationalA.php in C:\terminal\live\server\system\php\autoload\default.php:18
Stack trace:
#0 [internal function]: {closure}('helper\\Relation...')
#1 C:\terminal\live\server\applications\example\teste.php(3): spl_autoload_call('helper\\Relation...')
#2 C:\terminal\live\server\system\Navigator.php(23): Closure->{closure}()
#3 C:\terminal\live\server\applications\example\routes.php(5): system\Navigator->regex('{POST/nome/(?<n...', Object(Closure), true)
#4 C:\terminal\live\server\system\Navigator.php(14): system\Navigator->{closure}()
#5 C:\terminal\live\server\system\Ambue.php(18): system\Navigator->__construct()
#6 C:\terminal\live\server\main.php(33): require('C:\\terminal\\liv...')
#7 {main}
  thrown in C:\terminal\live\server\system\php\autoload\default.php on line 18
[20-Sep-2018 13:05:28 America/Sao_Paulo] PHP Fatal error:  Uncaught Exception: Class file not found! Class Name: system\Input, File: C:\terminal\live\server\system\Input.php in C:\terminal\live\server\system\php\autoload\default.php:18
Stack trace:
#0 [internal function]: {closure}('system\\Input')
#1 C:\terminal\live\server\system\Ambue.php(17): spl_autoload_call('system\\Input')
#2 C:\terminal\live\server\main.php(33): require('C:\\terminal\\liv...')
#3 {main}
  thrown in C:\terminal\live\server\system\php\autoload\default.php on line 18
[20-Sep-2018 13:06:09 America/Sao_Paulo] PHP Parse error:  syntax error, unexpected '}' in C:\terminal\live\server\applications\example\teste.php on line 47
[20-Sep-2018 13:12:19 America/Sao_Paulo] PHP Fatal error:  Cannot use 'String' as class name as it is reserved in C:\terminal\live\server\applications\example\helpers\InputCheck\String.php on line 5
[20-Sep-2018 13:12:34 America/Sao_Paulo] PHP Fatal error:  Uncaught Exception: Class file not found! Class Name: helper\InputCheck\sString, File: C:\terminal\live\server\helper\InputCheck\sString.php in C:\terminal\live\server\system\php\autoload\default.php:18
Stack trace:
#0 [internal function]: {closure}('helper\\InputChe...')
#1 C:\terminal\live\server\applications\example\helpers\InputCheck.php(10): spl_autoload_call('helper\\InputChe...')
#2 C:\terminal\live\server\applications\example\teste.php(2): helper\InputCheck->__construct()
#3 C:\terminal\live\server\system\Navigator.php(23): Closure->{closure}()
#4 C:\terminal\live\server\applications\example\routes.php(5): system\Navigator->regex('{POST/nome/(?<n...', Object(Closure), true)
#5 C:\terminal\live\server\system\Navigator.php(14): system\Navigator->{closure}()
#6 C:\terminal\live\server\system\Ambue.php(12): system\Navigator->__construct()
#7 C:\terminal\live\server\main.php(33): require('C:\\terminal\\liv...')
#8 {main}
  thrown in C:\terminal\live\server\system\php\autoload\default.php on line 18
[20-Sep-2018 13:15:31 America/Sao_Paulo] PHP Parse error:  syntax error, unexpected 'if' (T_IF) in C:\terminal\live\server\applications\example\helpers\InputCheck.php on line 12
[20-Sep-2018 13:15:33 America/Sao_Paulo] PHP Parse error:  syntax error, unexpected 'if' (T_IF) in C:\terminal\live\server\applications\example\helpers\InputCheck.php on line 12
[20-Sep-2018 13:28:18 America/Sao_Paulo] PHP Fatal error:  Uncaught Exception: Class file not found! Class Name: helper\Exception, File: C:\terminal\live\server\helper\Exception.php in C:\terminal\live\server\system\php\autoload\default.php:18
Stack trace:
#0 [internal function]: {closure}('helper\\Exceptio...')
#1 C:\terminal\live\server\applications\example\helpers\InputCheck.php(22): spl_autoload_call('helper\\Exceptio...')
#2 C:\terminal\live\server\applications\example\teste.php(9): helper\InputCheck->query('nome', Object(helper\InputCheck\tString))
#3 C:\terminal\live\server\system\Navigator.php(23): Closure->{closure}()
#4 C:\terminal\live\server\applications\example\routes.php(5): system\Navigator->regex('{POST/nome/(?<n...', Object(Closure), true)
#5 C:\terminal\live\server\system\Navigator.php(14): system\Navigator->{closure}()
#6 C:\terminal\live\server\system\Ambue.php(12): system\Navigator->__construct()
#7 C:\terminal\live\server\main.php(33): require('C:\\terminal\\liv...')
#8 {main}
  thrown in C:\terminal\live\server\system\php\autoload\default.php on line 18
[20-Sep-2018 13:28:20 America/Sao_Paulo] PHP Fatal error:  Uncaught Exception: Class file not found! Class Name: helper\Exception, File: C:\terminal\live\server\helper\Exception.php in C:\terminal\live\server\system\php\autoload\default.php:18
Stack trace:
#0 [internal function]: {closure}('helper\\Exceptio...')
#1 C:\terminal\live\server\applications\example\helpers\InputCheck.php(22): spl_autoload_call('helper\\Exceptio...')
#2 C:\terminal\live\server\applications\example\teste.php(9): helper\InputCheck->query('nome', Object(helper\InputCheck\tString))
#3 C:\terminal\live\server\system\Navigator.php(23): Closure->{closure}()
#4 C:\terminal\live\server\applications\example\routes.php(5): system\Navigator->regex('{POST/nome/(?<n...', Object(Closure), true)
#5 C:\terminal\live\server\system\Navigator.php(14): system\Navigator->{closure}()
#6 C:\terminal\live\server\system\Ambue.php(12): system\Navigator->__construct()
#7 C:\terminal\live\server\main.php(33): require('C:\\terminal\\liv...')
#8 {main}
  thrown in C:\terminal\live\server\system\php\autoload\default.php on line 18
[20-Sep-2018 13:30:16 America/Sao_Paulo] PHP Fatal error:  Uncaught Exception: Class file not found! Class Name: InputCheck, File: C:\terminal\live\server\InputCheck.php in C:\terminal\live\server\system\php\autoload\default.php:18
Stack trace:
#0 [internal function]: {closure}('InputCheck')
#1 C:\terminal\live\server\applications\example\teste.php(6): spl_autoload_call('InputCheck')
#2 C:\terminal\live\server\system\Navigator.php(23): Closure->{closure}()
#3 C:\terminal\live\server\applications\example\routes.php(5): system\Navigator->regex('{POST/nome/(?<n...', Object(Closure), true)
#4 C:\terminal\live\server\system\Navigator.php(14): system\Navigator->{closure}()
#5 C:\terminal\live\server\system\Ambue.php(12): system\Navigator->__construct()
#6 C:\terminal\live\server\main.php(33): require('C:\\terminal\\liv...')
#7 {main}
  thrown in C:\terminal\live\server\system\php\autoload\default.php on line 18
[20-Sep-2018 13:58:47 America/Sao_Paulo] PHP Parse error:  syntax error, unexpected end of file, expecting ';' in C:\terminal\live\server\applications\example\teste.php on line 70
[20-Sep-2018 13:59:27 America/Sao_Paulo] PHP Notice:  Undefined variable: columnName in C:\terminal\live\server\applications\example\helpers\InputCheck.php on line 23
[20-Sep-2018 13:59:27 America/Sao_Paulo] PHP Fatal error:  Uncaught Error: Call to undefined method helper\InputCheck::errorMessage() in C:\terminal\live\server\applications\example\helpers\InputCheck.php:27
Stack trace:
#0 C:\terminal\live\server\applications\example\helpers\InputCheck.php(35): helper\InputCheck->check(Object(stdClass), 'nome', false, Object(helper\InputCheck\tString))
#1 C:\terminal\live\server\applications\example\teste.php(10): helper\InputCheck->query('nome', false, Object(helper\InputCheck\tString))
#2 C:\terminal\live\server\system\Navigator.php(23): Closure->{closure}()
#3 C:\terminal\live\server\applications\example\routes.php(5): system\Navigator->regex('{POST/nome/(?<n...', Object(Closure), true)
#4 C:\terminal\live\server\system\Navigator.php(14): system\Navigator->{closure}()
#5 C:\terminal\live\server\system\Ambue.php(12): system\Navigator->__construct()
#6 C:\terminal\live\server\main.php(33): require('C:\\terminal\\liv...')
#7 {main}
  thrown in C:\terminal\live\server\applications\example\helpers\InputCheck.php on line 27
[20-Sep-2018 14:04:19 America/Sao_Paulo] PHP Fatal error:  Uncaught Error: Call to undefined method helper\InputCheck::errorMessage() in C:\terminal\live\server\applications\example\helpers\InputCheck.php:27
Stack trace:
#0 C:\terminal\live\server\applications\example\helpers\InputCheck.php(38): helper\InputCheck->check(Object(stdClass), 'nomeAAA', false, Object(helper\InputCheck\tString))
#1 C:\terminal\live\server\applications\example\teste.php(11): helper\InputCheck->query('nomeAAA', false, Object(helper\InputCheck\tString))
#2 C:\terminal\live\server\system\Navigator.php(23): Closure->{closure}()
#3 C:\terminal\live\server\applications\example\routes.php(5): system\Navigator->regex('{POST/nome/(?<n...', Object(Closure), true)
#4 C:\terminal\live\server\system\Navigator.php(14): system\Navigator->{closure}()
#5 C:\terminal\live\server\system\Ambue.php(12): system\Navigator->__construct()
#6 C:\terminal\live\server\main.php(33): require('C:\\terminal\\liv...')
#7 {main}
  thrown in C:\terminal\live\server\applications\example\helpers\InputCheck.php on line 27
[20-Sep-2018 17:25:58 America/Sao_Paulo] PHP Notice:  Indirect modification of overloaded property helper\InputCheck::$body has no effect in C:\terminal\live\server\applications\example\helpers\InputCheck.php on line 49
[20-Sep-2018 17:31:17 America/Sao_Paulo] PHP Fatal error:  Uncaught system\exception\AttributeNotExists: bodyA in C:\terminal\live\server\applications\example\helpers\InputCheck.php:64
Stack trace:
#0 C:\terminal\live\server\applications\example\teste.php(16): helper\InputCheck->__get('bodyA')
#1 C:\terminal\live\server\system\Navigator.php(23): Closure->{closure}()
#2 C:\terminal\live\server\applications\example\routes.php(5): system\Navigator->regex('{POST/nome/(?<n...', Object(Closure), true)
#3 C:\terminal\live\server\system\Navigator.php(14): system\Navigator->{closure}()
#4 C:\terminal\live\server\system\Ambue.php(12): system\Navigator->__construct()
#5 C:\terminal\live\server\main.php(33): require('C:\\terminal\\liv...')
#6 {main}
  thrown in C:\terminal\live\server\applications\example\helpers\InputCheck.php on line 64
[20-Sep-2018 17:32:28 America/Sao_Paulo] PHP Fatal error:  Uncaught Error: Call to undefined method helper\InputCheck::errorMessage() in C:\terminal\live\server\applications\example\helpers\InputCheck.php:29
Stack trace:
#0 C:\terminal\live\server\applications\example\helpers\InputCheck.php(44): helper\InputCheck->check(Array, Object(stdClass), 'nomeAAA', false, Object(helper\InputCheck\tString))
#1 C:\terminal\live\server\applications\example\teste.php(12): helper\InputCheck->query('nomeAAA', false, Object(helper\InputCheck\tString))
#2 C:\terminal\live\server\system\Navigator.php(23): Closure->{closure}()
#3 C:\terminal\live\server\applications\example\routes.php(5): system\Navigator->regex('{POST/nome/(?<n...', Object(Closure), true)
#4 C:\terminal\live\server\system\Navigator.php(14): system\Navigator->{closure}()
#5 C:\terminal\live\server\system\Ambue.php(12): system\Navigator->__construct()
#6 C:\terminal\live\server\main.php(33): require('C:\\terminal\\liv...')
#7 {main}
  thrown in C:\terminal\live\server\applications\example\helpers\InputCheck.php on line 29
[20-Sep-2018 17:32:45 America/Sao_Paulo] PHP Fatal error:  Uncaught Error: Call to undefined method helper\InputCheck::errorMessage() in C:\terminal\live\server\applications\example\helpers\InputCheck.php:29
Stack trace:
#0 C:\terminal\live\server\applications\example\helpers\InputCheck.php(44): helper\InputCheck->check(Array, Object(stdClass), 'nomeAAA', false, Object(helper\InputCheck\tString))
#1 C:\terminal\live\server\applications\example\teste.php(12): helper\InputCheck->query('nomeAAA', false, Object(helper\InputCheck\tString))
#2 C:\terminal\live\server\system\Navigator.php(23): Closure->{closure}()
#3 C:\terminal\live\server\applications\example\routes.php(5): system\Navigator->regex('{POST/nome/(?<n...', Object(Closure), true)
#4 C:\terminal\live\server\system\Navigator.php(14): system\Navigator->{closure}()
#5 C:\terminal\live\server\system\Ambue.php(12): system\Navigator->__construct()
#6 C:\terminal\live\server\main.php(33): require('C:\\terminal\\liv...')
#7 {main}
  thrown in C:\terminal\live\server\applications\example\helpers\InputCheck.php on line 29
[20-Sep-2018 21:20:57 America/Sao_Paulo] PHP Notice:  Undefined variable: prefix in C:\terminal\live\server\applications\example\helpers\InputCheck.php on line 36
[20-Sep-2018 21:20:57 America/Sao_Paulo] PHP Notice:  Undefined variable: columnName in C:\terminal\live\server\applications\example\helpers\InputCheck.php on line 36
[20-Sep-2018 21:20:57 America/Sao_Paulo] PHP Fatal error:  Uncaught system\exception\AttributeNotExists: errors in C:\terminal\live\server\applications\example\helpers\InputCheck.php:71
Stack trace:
#0 C:\terminal\live\server\applications\example\teste.php(17): helper\InputCheck->__get('errors')
#1 C:\terminal\live\server\system\Navigator.php(23): Closure->{closure}()
#2 C:\terminal\live\server\applications\example\routes.php(5): system\Navigator->regex('{POST/nome/(?<n...', Object(Closure), true)
#3 C:\terminal\live\server\system\Navigator.php(14): system\Navigator->{closure}()
#4 C:\terminal\live\server\system\Ambue.php(12): system\Navigator->__construct()
#5 C:\terminal\live\server\main.php(33): require('C:\\terminal\\liv...')
#6 {main}
  thrown in C:\terminal\live\server\applications\example\helpers\InputCheck.php on line 71
[20-Sep-2018 21:21:39 America/Sao_Paulo] PHP Notice:  Undefined variable: columnName in C:\terminal\live\server\applications\example\helpers\InputCheck.php on line 36
[20-Sep-2018 21:21:39 America/Sao_Paulo] PHP Fatal error:  Uncaught system\exception\AttributeNotExists: errors in C:\terminal\live\server\applications\example\helpers\InputCheck.php:73
Stack trace:
#0 C:\terminal\live\server\applications\example\teste.php(17): helper\InputCheck->__get('errors')
#1 C:\terminal\live\server\system\Navigator.php(23): Closure->{closure}()
#2 C:\terminal\live\server\applications\example\routes.php(5): system\Navigator->regex('{POST/nome/(?<n...', Object(Closure), true)
#3 C:\terminal\live\server\system\Navigator.php(14): system\Navigator->{closure}()
#4 C:\terminal\live\server\system\Ambue.php(12): system\Navigator->__construct()
#5 C:\terminal\live\server\main.php(33): require('C:\\terminal\\liv...')
#6 {main}
  thrown in C:\terminal\live\server\applications\example\helpers\InputCheck.php on line 73
[20-Sep-2018 21:21:51 America/Sao_Paulo] PHP Fatal error:  Uncaught system\exception\AttributeNotExists: errors in C:\terminal\live\server\applications\example\helpers\InputCheck.php:73
Stack trace:
#0 C:\terminal\live\server\applications\example\teste.php(17): helper\InputCheck->__get('errors')
#1 C:\terminal\live\server\system\Navigator.php(23): Closure->{closure}()
#2 C:\terminal\live\server\applications\example\routes.php(5): system\Navigator->regex('{POST/nome/(?<n...', Object(Closure), true)
#3 C:\terminal\live\server\system\Navigator.php(14): system\Navigator->{closure}()
#4 C:\terminal\live\server\system\Ambue.php(12): system\Navigator->__construct()
#5 C:\terminal\live\server\main.php(33): require('C:\\terminal\\liv...')
#6 {main}
  thrown in C:\terminal\live\server\applications\example\helpers\InputCheck.php on line 73
[20-Sep-2018 21:24:22 America/Sao_Paulo] PHP Fatal error:  Uncaught Exception: Class file not found! Class Name: helper\Relational, File: C:\terminal\live\server\helper\Relational.php in C:\terminal\live\server\system\php\autoload\default.php:18
Stack trace:
#0 [internal function]: {closure}('helper\\Relation...')
#1 C:\terminal\live\server\applications\example\teste.php(7): spl_autoload_call('helper\\Relation...')
#2 C:\terminal\live\server\system\Navigator.php(23): Closure->{closure}()
#3 C:\terminal\live\server\applications\example\routes.php(5): system\Navigator->regex('{POST/nome/(?<n...', Object(Closure), true)
#4 C:\terminal\live\server\system\Navigator.php(14): system\Navigator->{closure}()
#5 C:\terminal\live\server\system\Ambue.php(12): system\Navigator->__construct()
#6 C:\terminal\live\server\main.php(33): require('C:\\terminal\\liv...')
#7 {main}
  thrown in C:\terminal\live\server\system\php\autoload\default.php on line 18
[21-Sep-2018 16:21:49 America/Sao_Paulo] PHP Notice:  Undefined property: stdClass::$NONO in C:\terminal\live\server\applications\example\helpers\InputCheck.php on line 32
[21-Sep-2018 16:21:49 America/Sao_Paulo] PHP Notice:  Undefined property: stdClass::$NONO in C:\terminal\live\server\applications\example\helpers\InputCheck.php on line 32
[21-Sep-2018 16:22:13 America/Sao_Paulo] PHP Warning:  property_exists() expects exactly 2 parameters, 1 given in C:\terminal\live\server\applications\example\helpers\InputCheck.php on line 29
[21-Sep-2018 16:22:13 America/Sao_Paulo] PHP Notice:  Undefined property: stdClass::$NONO in C:\terminal\live\server\applications\example\helpers\InputCheck.php on line 29
[21-Sep-2018 16:22:13 America/Sao_Paulo] PHP Warning:  property_exists() expects exactly 2 parameters, 1 given in C:\terminal\live\server\applications\example\helpers\InputCheck.php on line 29
[21-Sep-2018 16:22:13 America/Sao_Paulo] PHP Warning:  property_exists() expects exactly 2 parameters, 1 given in C:\terminal\live\server\applications\example\helpers\InputCheck.php on line 29
[21-Sep-2018 16:22:13 America/Sao_Paulo] PHP Notice:  Undefined property: stdClass::$NONO in C:\terminal\live\server\applications\example\helpers\InputCheck.php on line 29
[21-Sep-2018 16:22:13 America/Sao_Paulo] PHP Warning:  property_exists() expects exactly 2 parameters, 1 given in C:\terminal\live\server\applications\example\helpers\InputCheck.php on line 29
[21-Sep-2018 16:22:14 America/Sao_Paulo] PHP Warning:  property_exists() expects exactly 2 parameters, 1 given in C:\terminal\live\server\applications\example\helpers\InputCheck.php on line 29
[21-Sep-2018 16:22:14 America/Sao_Paulo] PHP Notice:  Undefined property: stdClass::$NONO in C:\terminal\live\server\applications\example\helpers\InputCheck.php on line 29
[21-Sep-2018 16:22:14 America/Sao_Paulo] PHP Warning:  property_exists() expects exactly 2 parameters, 1 given in C:\terminal\live\server\applications\example\helpers\InputCheck.php on line 29
[21-Sep-2018 16:22:14 America/Sao_Paulo] PHP Warning:  property_exists() expects exactly 2 parameters, 1 given in C:\terminal\live\server\applications\example\helpers\InputCheck.php on line 29
[21-Sep-2018 16:22:14 America/Sao_Paulo] PHP Notice:  Undefined property: stdClass::$NONO in C:\terminal\live\server\applications\example\helpers\InputCheck.php on line 29
[21-Sep-2018 16:22:14 America/Sao_Paulo] PHP Warning:  property_exists() expects exactly 2 parameters, 1 given in C:\terminal\live\server\applications\example\helpers\InputCheck.php on line 29
[21-Sep-2018 16:39:06 America/Sao_Paulo] PHP Notice:  Undefined variable: value in C:\terminal\live\server\applications\example\helpers\InputCheck.php on line 29
[21-Sep-2018 16:39:06 America/Sao_Paulo] PHP Notice:  Undefined variable: value in C:\terminal\live\server\applications\example\helpers\InputCheck.php on line 37
[21-Sep-2018 16:39:06 America/Sao_Paulo] PHP Notice:  Undefined variable: value in C:\terminal\live\server\applications\example\helpers\InputCheck.php on line 37
[21-Sep-2018 16:39:06 America/Sao_Paulo] PHP Notice:  Undefined variable: value in C:\terminal\live\server\applications\example\helpers\InputCheck.php on line 29
[21-Sep-2018 16:39:06 America/Sao_Paulo] PHP Notice:  Undefined variable: value in C:\terminal\live\server\applications\example\helpers\InputCheck.php on line 37
[21-Sep-2018 16:39:06 America/Sao_Paulo] PHP Notice:  Undefined variable: value in C:\terminal\live\server\applications\example\helpers\InputCheck.php on line 37
[21-Sep-2018 16:39:40 America/Sao_Paulo] PHP Notice:  Undefined variable: value in C:\terminal\live\server\applications\example\helpers\InputCheck.php on line 35
[21-Sep-2018 16:39:40 America/Sao_Paulo] PHP Notice:  Undefined variable: value in C:\terminal\live\server\applications\example\helpers\InputCheck.php on line 35
[21-Sep-2018 16:39:40 America/Sao_Paulo] PHP Notice:  Undefined variable: value in C:\terminal\live\server\applications\example\helpers\InputCheck.php on line 35
[21-Sep-2018 16:39:40 America/Sao_Paulo] PHP Notice:  Undefined variable: value in C:\terminal\live\server\applications\example\helpers\InputCheck.php on line 35
[21-Sep-2018 16:39:41 America/Sao_Paulo] PHP Notice:  Undefined variable: value in C:\terminal\live\server\applications\example\helpers\InputCheck.php on line 35
[21-Sep-2018 16:39:41 America/Sao_Paulo] PHP Notice:  Undefined variable: value in C:\terminal\live\server\applications\example\helpers\InputCheck.php on line 35
[21-Sep-2018 16:39:41 America/Sao_Paulo] PHP Notice:  Undefined variable: value in C:\terminal\live\server\applications\example\helpers\InputCheck.php on line 35
[21-Sep-2018 16:39:41 America/Sao_Paulo] PHP Notice:  Undefined variable: value in C:\terminal\live\server\applications\example\helpers\InputCheck.php on line 35
[21-Sep-2018 16:43:07 America/Sao_Paulo] PHP Fatal error:  Uncaught ArgumentCountError: Too few arguments to function helper\InputCheck::query(), 2 passed in C:\terminal\live\server\applications\example\teste.php on line 9 and exactly 3 expected in C:\terminal\live\server\applications\example\helpers\InputCheck.php:41
Stack trace:
#0 C:\terminal\live\server\applications\example\teste.php(9): helper\InputCheck->query('nome', Object(helper\InputCheck\tString))
#1 C:\terminal\live\server\system\Navigator.php(23): Closure->{closure}()
#2 C:\terminal\live\server\applications\example\routes.php(5): system\Navigator->regex('{POST/nome/(?<n...', Object(Closure), true)
#3 C:\terminal\live\server\system\Navigator.php(14): system\Navigator->{closure}()
#4 C:\terminal\live\server\system\Ambue.php(12): system\Navigator->__construct()
#5 C:\terminal\live\server\main.php(33): require('C:\\terminal\\liv...')
#6 {main}
  thrown in C:\terminal\live\server\applications\example\helpers\InputCheck.php on line 41
[21-Sep-2018 16:56:35 America/Sao_Paulo] PHP Warning:  Use of undefined constant falses - assumed 'falses' (this will throw an Error in a future version of PHP) in C:\terminal\live\server\applications\example\helpers\InputCheck\Type.php on line 33
[21-Sep-2018 16:56:35 America/Sao_Paulo] PHP Warning:  Use of undefined constant falses - assumed 'falses' (this will throw an Error in a future version of PHP) in C:\terminal\live\server\applications\example\helpers\InputCheck\Type.php on line 33
[21-Sep-2018 16:56:35 America/Sao_Paulo] PHP Warning:  Use of undefined constant falses - assumed 'falses' (this will throw an Error in a future version of PHP) in C:\terminal\live\server\applications\example\helpers\InputCheck\Type.php on line 33
[21-Sep-2018 16:56:35 America/Sao_Paulo] PHP Warning:  Use of undefined constant falses - assumed 'falses' (this will throw an Error in a future version of PHP) in C:\terminal\live\server\applications\example\helpers\InputCheck\Type.php on line 33
[21-Sep-2018 17:10:28 America/Sao_Paulo] PHP Fatal error:  Uncaught Error: Call to undefined method helper\Select::fetch() in C:\terminal\live\server\applications\example\teste.php:19
Stack trace:
#0 C:\terminal\live\server\system\Navigator.php(23): Closure->{closure}()
#1 C:\terminal\live\server\applications\example\routes.php(5): system\Navigator->regex('{POST/nome/(?<n...', Object(Closure), true)
#2 C:\terminal\live\server\system\Navigator.php(14): system\Navigator->{closure}()
#3 C:\terminal\live\server\system\Ambue.php(12): system\Navigator->__construct()
#4 C:\terminal\live\server\main.php(33): require('C:\\terminal\\liv...')
#5 {main}
  thrown in C:\terminal\live\server\applications\example\teste.php on line 19
[21-Sep-2018 17:13:06 America/Sao_Paulo] PHP Notice:  Undefined property: helper\Select::$columns in C:\terminal\live\server\applications\example\helpers\Select.php on line 39
[21-Sep-2018 17:21:41 America/Sao_Paulo] PHP Notice:  Undefined variable: ofsset in C:\terminal\live\server\applications\example\helpers\Select.php on line 47
[21-Sep-2018 17:22:47 America/Sao_Paulo] PHP Fatal error:  Uncaught Error: Call to undefined method helper\Select::setColumns() in C:\terminal\live\server\applications\example\teste.php:18
Stack trace:
#0 C:\terminal\live\server\system\Navigator.php(23): Closure->{closure}()
#1 C:\terminal\live\server\applications\example\routes.php(5): system\Navigator->regex('{POST/nome/(?<n...', Object(Closure), true)
#2 C:\terminal\live\server\system\Navigator.php(14): system\Navigator->{closure}()
#3 C:\terminal\live\server\system\Ambue.php(12): system\Navigator->__construct()
#4 C:\terminal\live\server\main.php(33): require('C:\\terminal\\liv...')
#5 {main}
  thrown in C:\terminal\live\server\applications\example\teste.php on line 18
[21-Sep-2018 17:39:06 America/Sao_Paulo] PHP Warning:  implode(): Invalid arguments passed in C:\terminal\live\server\applications\example\helpers\Select.php on line 59
[21-Sep-2018 17:44:33 America/Sao_Paulo] PHP Fatal error:  Uncaught Error: Wrong parameters for system\exception\NotTrustedSqlName([string $message [, long $code [, Throwable $previous = NULL]]]) in C:\terminal\live\server\applications\example\helpers\Select.php:16
Stack trace:
#0 C:\terminal\live\server\applications\example\helpers\Select.php(16): Exception->__construct('table', 'nome da-tabela')
#1 C:\terminal\live\server\applications\example\helpers\Select.php(22): helper\Select->trustedSqlName('table', 'nome da-tabela')
#2 C:\terminal\live\server\applications\example\teste.php(15): helper\Select->__construct('nome da-tabela')
#3 C:\terminal\live\server\system\Navigator.php(23): Closure->{closure}()
#4 C:\terminal\live\server\applications\example\routes.php(5): system\Navigator->regex('{POST/nome/(?<n...', Object(Closure), true)
#5 C:\terminal\live\server\system\Navigator.php(14): system\Navigator->{closure}()
#6 C:\terminal\live\server\system\Ambue.php(12): system\Navigator->__construct()
#7 C:\terminal\live\server\main.php(33): require('C:\\terminal\\liv...')
#8 in C:\terminal\live\server\applications\example\helpers\Select.php on line 16
[21-Sep-2018 17:45:32 America/Sao_Paulo] PHP Fatal error:  Uncaught system\exception\NotTrustedSqlName in C:\terminal\live\server\applications\example\helpers\Select.php:16
Stack trace:
#0 C:\terminal\live\server\applications\example\helpers\Select.php(22): helper\Select->trustedSqlName('table', 'nome da-tabela')
#1 C:\terminal\live\server\applications\example\teste.php(15): helper\Select->__construct('nome da-tabela')
#2 C:\terminal\live\server\system\Navigator.php(23): Closure->{closure}()
#3 C:\terminal\live\server\applications\example\routes.php(5): system\Navigator->regex('{POST/nome/(?<n...', Object(Closure), true)
#4 C:\terminal\live\server\system\Navigator.php(14): system\Navigator->{closure}()
#5 C:\terminal\live\server\system\Ambue.php(12): system\Navigator->__construct()
#6 C:\terminal\live\server\main.php(33): require('C:\\terminal\\liv...')
#7 {main}
  thrown in C:\terminal\live\server\applications\example\helpers\Select.php on line 16
[21-Sep-2018 22:54:29 America/Sao_Paulo] PHP Fatal error:  Uncaught system\exception\NotTrustedSqlName: aaaaaaaaaa in C:\terminal\live\server\applications\example\helpers\Select.php:16
Stack trace:
#0 C:\terminal\live\server\applications\example\helpers\Select.php(22): helper\Select->trustedSqlName('table', 'nome-da tabela')
#1 C:\terminal\live\server\applications\example\teste.php(15): helper\Select->__construct('nome-da tabela')
#2 C:\terminal\live\server\system\Navigator.php(23): Closure->{closure}()
#3 C:\terminal\live\server\applications\example\routes.php(5): system\Navigator->regex('{POST/nome/(?<n...', Object(Closure), true)
#4 C:\terminal\live\server\system\Navigator.php(14): system\Navigator->{closure}()
#5 C:\terminal\live\server\system\Ambue.php(12): system\Navigator->__construct()
#6 C:\terminal\live\server\main.php(33): require('C:\\terminal\\liv...')
#7 {main}
  thrown in C:\terminal\live\server\applications\example\helpers\Select.php on line 16
[21-Sep-2018 22:54:29 America/Sao_Paulo] PHP Fatal error:  Uncaught system\exception\NotTrustedSqlName: aaaaaaaaaa in C:\terminal\live\server\applications\example\helpers\Select.php:16
Stack trace:
#0 C:\terminal\live\server\applications\example\helpers\Select.php(22): helper\Select->trustedSqlName('table', 'nome-da tabela')
#1 C:\terminal\live\server\applications\example\teste.php(15): helper\Select->__construct('nome-da tabela')
#2 C:\terminal\live\server\system\Navigator.php(23): Closure->{closure}()
#3 C:\terminal\live\server\applications\example\routes.php(5): system\Navigator->regex('{POST/nome/(?<n...', Object(Closure), true)
#4 C:\terminal\live\server\system\Navigator.php(14): system\Navigator->{closure}()
#5 C:\terminal\live\server\system\Ambue.php(12): system\Navigator->__construct()
#6 C:\terminal\live\server\main.php(33): require('C:\\terminal\\liv...')
#7 {main}
  thrown in C:\terminal\live\server\applications\example\helpers\Select.php on line 16
[21-Sep-2018 22:55:55 America/Sao_Paulo] PHP Fatal error:  Uncaught system\exception\NotTrustedSqlName: table, `nome-da tabela` in C:\terminal\live\server\applications\example\helpers\Select.php:16
Stack trace:
#0 C:\terminal\live\server\applications\example\helpers\Select.php(22): helper\Select->trustedSqlName('table', 'nome-da tabela')
#1 C:\terminal\live\server\applications\example\teste.php(15): helper\Select->__construct('nome-da tabela')
#2 C:\terminal\live\server\system\Navigator.php(23): Closure->{closure}()
#3 C:\terminal\live\server\applications\example\routes.php(5): system\Navigator->regex('{POST/nome/(?<n...', Object(Closure), true)
#4 C:\terminal\live\server\system\Navigator.php(14): system\Navigator->{closure}()
#5 C:\terminal\live\server\system\Ambue.php(12): system\Navigator->__construct()
#6 C:\terminal\live\server\main.php(33): require('C:\\terminal\\liv...')
#7 {main}
  thrown in C:\terminal\live\server\applications\example\helpers\Select.php on line 16
[21-Sep-2018 23:07:06 America/Sao_Paulo] PHP Fatal error:  Uncaught system\exception\AttributeNotExists: O atributo `queryA` no existe na classe `helper\InputCheck`. in C:\terminal\live\server\applications\example\helpers\InputCheck.php:62
Stack trace:
#0 C:\terminal\live\server\applications\example\teste.php(22): helper\InputCheck->__get('queryA')
#1 C:\terminal\live\server\system\Navigator.php(23): Closure->{closure}()
#2 C:\terminal\live\server\applications\example\routes.php(5): system\Navigator->regex('{POST/nome/(?<n...', Object(Closure), true)
#3 C:\terminal\live\server\system\Navigator.php(14): system\Navigator->{closure}()
#4 C:\terminal\live\server\system\Ambue.php(12): system\Navigator->__construct()
#5 C:\terminal\live\server\main.php(33): require('C:\\terminal\\liv...')
#6 {main}
  thrown in C:\terminal\live\server\applications\example\helpers\InputCheck.php on line 62
[21-Sep-2018 23:07:20 America/Sao_Paulo] PHP Fatal error:  Uncaught system\exception\NotTrustedSqlName: O nome de table no pode ser utilizado como parametro para SQL Query, o valor recebido foi `nome-da tabela`, verifique caracteres invlidos. in C:\terminal\live\server\applications\example\helpers\Select.php:16
Stack trace:
#0 C:\terminal\live\server\applications\example\helpers\Select.php(22): helper\Select->trustedSqlName('table', 'nome-da tabela')
#1 C:\terminal\live\server\applications\example\teste.php(15): helper\Select->__construct('nome-da tabela')
#2 C:\terminal\live\server\system\Navigator.php(23): Closure->{closure}()
#3 C:\terminal\live\server\applications\example\routes.php(5): system\Navigator->regex('{POST/nome/(?<n...', Object(Closure), true)
#4 C:\terminal\live\server\system\Navigator.php(14): system\Navigator->{closure}()
#5 C:\terminal\live\server\system\Ambue.php(12): system\Navigator->__construct()
#6 C:\terminal\live\server\main.php(33): require('C:\\terminal\\liv...')
#7 {main}
  thrown in C:\terminal\live\server\applications\example\helpers\Select.php on line 16
[21-Sep-2018 23:13:07 America/Sao_Paulo] PHP Fatal error:  Uncaught system\exception\NotTrustedSqlName: O nome de table no pode ser utilizado como parametro para SQL Query, o valor recebido foi `nome-da tabela`, verifique caracteres invlidos. in C:\terminal\live\server\applications\example\helpers\Select.php:16
Stack trace:
#0 C:\terminal\live\server\applications\example\helpers\Select.php(22): helper\Select->trustedSqlName('table', 'nome-da tabela')
#1 C:\terminal\live\server\applications\example\teste.php(15): helper\Select->__construct('nome-da tabela')
#2 C:\terminal\live\server\system\Navigator.php(23): Closure->{closure}()
#3 C:\terminal\live\server\applications\example\routes.php(5): system\Navigator->regex('{POST/nome/(?<n...', Object(Closure), true)
#4 C:\terminal\live\server\system\Navigator.php(14): system\Navigator->{closure}()
#5 C:\terminal\live\server\system\Ambue.php(12): system\Navigator->__construct()
#6 C:\terminal\live\server\main.php(33): require('C:\\terminal\\liv...')
#7 {main}
  thrown in C:\terminal\live\server\applications\example\helpers\Select.php on line 16
[21-Sep-2018 23:32:59 America/Sao_Paulo] PHP Fatal error:  Uncaught system\exception\NotTrustedSqlName: O nome de table no pode ser utilizado como parametro para SQL Query, o valor recebido foi `nome-da tabela`, verifique caracteres invlidos. in C:\terminal\live\server\applications\example\helpers\Select.php:16
Stack trace:
#0 C:\terminal\live\server\applications\example\helpers\Select.php(22): helper\Select->trustedSqlName('table', 'nome-da tabela')
#1 C:\terminal\live\server\applications\example\teste.php(15): helper\Select->__construct('nome-da tabela')
#2 C:\terminal\live\server\system\Navigator.php(23): Closure->{closure}()
#3 C:\terminal\live\server\applications\example\routes.php(5): system\Navigator->regex('{POST/nome/(?<n...', Object(Closure), true)
#4 C:\terminal\live\server\system\Navigator.php(14): system\Navigator->{closure}()
#5 C:\terminal\live\server\system\Ambue.php(12): system\Navigator->__construct()
#6 C:\terminal\live\server\main.php(33): require('C:\\terminal\\liv...')
#7 {main}
  thrown in C:\terminal\live\server\applications\example\helpers\Select.php on line 16
[22-Sep-2018 00:03:32 America/Sao_Paulo] PHP Fatal error:  Uncaught PDOException: SQLSTATE[42000]: Syntax error or access violation: 1064 You have an error in your SQL syntax; check the manual that corresponds to your MariaDB server version for the right syntax to use near '-da-tabela WHERE nome='XXX daniel de andrade varela XXXX' AND NONO='XXX  XXXX' L' at line 1 in C:\terminal\live\server\applications\example\teste.php:26
Stack trace:
#0 C:\terminal\live\server\applications\example\teste.php(26): PDOStatement->execute(Array)
#1 C:\terminal\live\server\system\Navigator.php(23): Closure->{closure}()
#2 C:\terminal\live\server\applications\example\routes.php(5): system\Navigator->regex('{POST/nome/(?<n...', Object(Closure))
#3 C:\terminal\live\server\system\Navigator.php(14): system\Navigator->{closure}()
#4 C:\terminal\live\server\system\Ambue.php(12): system\Navigator->__construct()
#5 C:\terminal\live\server\main.php(33): require('C:\\terminal\\liv...')
#6 {main}
  thrown in C:\terminal\live\server\applications\example\teste.php on line 26
[22-Sep-2018 00:03:33 America/Sao_Paulo] PHP Fatal error:  Uncaught PDOException: SQLSTATE[42000]: Syntax error or access violation: 1064 You have an error in your SQL syntax; check the manual that corresponds to your MariaDB server version for the right syntax to use near '-da-tabela WHERE nome='XXX daniel de andrade varela XXXX' AND NONO='XXX  XXXX' L' at line 1 in C:\terminal\live\server\applications\example\teste.php:26
Stack trace:
#0 C:\terminal\live\server\applications\example\teste.php(26): PDOStatement->execute(Array)
#1 C:\terminal\live\server\system\Navigator.php(23): Closure->{closure}()
#2 C:\terminal\live\server\applications\example\routes.php(5): system\Navigator->regex('{POST/nome/(?<n...', Object(Closure))
#3 C:\terminal\live\server\system\Navigator.php(14): system\Navigator->{closure}()
#4 C:\terminal\live\server\system\Ambue.php(12): system\Navigator->__construct()
#5 C:\terminal\live\server\main.php(33): require('C:\\terminal\\liv...')
#6 {main}
  thrown in C:\terminal\live\server\applications\example\teste.php on line 26
[22-Sep-2018 00:03:56 America/Sao_Paulo] PHP Fatal error:  Uncaught PDOException: SQLSTATE[42000]: Syntax error or access violation: 1064 You have an error in your SQL syntax; check the manual that corresponds to your MariaDB server version for the right syntax to use near '-da-tabela WHERE nome='XXX daniel de andrade varela XXXX' AND NONO='XXX  XXXX' L' at line 1 in C:\terminal\live\server\applications\example\teste.php:26
Stack trace:
#0 C:\terminal\live\server\applications\example\teste.php(26): PDOStatement->execute(Array)
#1 C:\terminal\live\server\system\Navigator.php(23): Closure->{closure}()
#2 C:\terminal\live\server\applications\example\routes.php(5): system\Navigator->regex('{POST/nome/(?<n...', Object(Closure))
#3 C:\terminal\live\server\system\Navigator.php(14): system\Navigator->{closure}()
#4 C:\terminal\live\server\system\Ambue.php(12): system\Navigator->__construct()
#5 C:\terminal\live\server\main.php(33): require('C:\\terminal\\liv...')
#6 {main}
  thrown in C:\terminal\live\server\applications\example\teste.php on line 26
[22-Sep-2018 00:03:57 America/Sao_Paulo] PHP Fatal error:  Uncaught PDOException: SQLSTATE[42000]: Syntax error or access violation: 1064 You have an error in your SQL syntax; check the manual that corresponds to your MariaDB server version for the right syntax to use near '-da-tabela WHERE nome='XXX daniel de andrade varela XXXX' AND NONO='XXX  XXXX' L' at line 1 in C:\terminal\live\server\applications\example\teste.php:26
Stack trace:
#0 C:\terminal\live\server\applications\example\teste.php(26): PDOStatement->execute(Array)
#1 C:\terminal\live\server\system\Navigator.php(23): Closure->{closure}()
#2 C:\terminal\live\server\applications\example\routes.php(5): system\Navigator->regex('{POST/nome/(?<n...', Object(Closure))
#3 C:\terminal\live\server\system\Navigator.php(14): system\Navigator->{closure}()
#4 C:\terminal\live\server\system\Ambue.php(12): system\Navigator->__construct()
#5 C:\terminal\live\server\main.php(33): require('C:\\terminal\\liv...')
#6 {main}
  thrown in C:\terminal\live\server\applications\example\teste.php on line 26
[22-Sep-2018 00:04:08 America/Sao_Paulo] PHP Fatal error:  Uncaught PDOException: SQLSTATE[42000]: Syntax error or access violation: 1064 You have an error in your SQL syntax; check the manual that corresponds to your MariaDB server version for the right syntax to use near '-da-tabela WHERE nome='XXX daniel de andrade varela XXXX' AND NONO='XXX  XXXX' L' at line 1 in C:\terminal\live\server\applications\example\teste.php:26
Stack trace:
#0 C:\terminal\live\server\applications\example\teste.php(26): PDOStatement->execute(Array)
#1 C:\terminal\live\server\system\Navigator.php(23): Closure->{closure}()
#2 C:\terminal\live\server\applications\example\routes.php(5): system\Navigator->regex('{POST/nome/(?<n...', Object(Closure))
#3 C:\terminal\live\server\system\Navigator.php(14): system\Navigator->{closure}()
#4 C:\terminal\live\server\system\Ambue.php(12): system\Navigator->__construct()
#5 C:\terminal\live\server\main.php(33): require('C:\\terminal\\liv...')
#6 {main}
  thrown in C:\terminal\live\server\applications\example\teste.php on line 26
[22-Sep-2018 00:04:19 America/Sao_Paulo] PHP Fatal error:  Uncaught PDOException: SQLSTATE[HY093]: Invalid parameter number: no parameters were bound in C:\terminal\live\server\applications\example\teste.php:26
Stack trace:
#0 C:\terminal\live\server\applications\example\teste.php(26): PDOStatement->execute()
#1 C:\terminal\live\server\system\Navigator.php(23): Closure->{closure}()
#2 C:\terminal\live\server\applications\example\routes.php(5): system\Navigator->regex('{POST/nome/(?<n...', Object(Closure))
#3 C:\terminal\live\server\system\Navigator.php(14): system\Navigator->{closure}()
#4 C:\terminal\live\server\system\Ambue.php(12): system\Navigator->__construct()
#5 C:\terminal\live\server\main.php(33): require('C:\\terminal\\liv...')
#6 {main}
  thrown in C:\terminal\live\server\applications\example\teste.php on line 26
[22-Sep-2018 00:04:40 America/Sao_Paulo] PHP Fatal error:  Uncaught PDOException: SQLSTATE[42000]: Syntax error or access violation: 1064 You have an error in your SQL syntax; check the manual that corresponds to your MariaDB server version for the right syntax to use near '-da-tabela WHERE nome='XXX daniel de andrade varela XXXX' LIMIT 0,100' at line 1 in C:\terminal\live\server\applications\example\teste.php:26
Stack trace:
#0 C:\terminal\live\server\applications\example\teste.php(26): PDOStatement->execute(Array)
#1 C:\terminal\live\server\system\Navigator.php(23): Closure->{closure}()
#2 C:\terminal\live\server\applications\example\routes.php(5): system\Navigator->regex('{POST/nome/(?<n...', Object(Closure))
#3 C:\terminal\live\server\system\Navigator.php(14): system\Navigator->{closure}()
#4 C:\terminal\live\server\system\Ambue.php(12): system\Navigator->__construct()
#5 C:\terminal\live\server\main.php(33): require('C:\\terminal\\liv...')
#6 {main}
  thrown in C:\terminal\live\server\applications\example\teste.php on line 26
[22-Sep-2018 00:07:24 America/Sao_Paulo] PHP Notice:  Undefined variable: x in C:\terminal\live\server\applications\example\helpers\Select.php on line 71
[22-Sep-2018 00:07:24 America/Sao_Paulo] PHP Notice:  Undefined variable: inputCheck in C:\terminal\live\server\applications\example\helpers\Select.php on line 72
[22-Sep-2018 00:07:24 America/Sao_Paulo] PHP Notice:  Trying to get property 'query' of non-object in C:\terminal\live\server\applications\example\helpers\Select.php on line 72
[22-Sep-2018 00:07:24 America/Sao_Paulo] PHP Fatal error:  Uncaught PDOException: SQLSTATE[42000]: Syntax error or access violation: 1065 Query was empty in C:\terminal\live\server\applications\example\helpers\Select.php:72
Stack trace:
#0 C:\terminal\live\server\applications\example\helpers\Select.php(72): PDOStatement->execute(NULL)
#1 C:\terminal\live\server\applications\example\teste.php(23): helper\Select->fetch()
#2 C:\terminal\live\server\system\Navigator.php(23): Closure->{closure}()
#3 C:\terminal\live\server\applications\example\routes.php(5): system\Navigator->regex('{POST/nome/(?<n...', Object(Closure))
#4 C:\terminal\live\server\system\Navigator.php(14): system\Navigator->{closure}()
#5 C:\terminal\live\server\system\Ambue.php(12): system\Navigator->__construct()
#6 C:\terminal\live\server\main.php(33): require('C:\\terminal\\liv...')
#7 {main}
  thrown in C:\terminal\live\server\applications\example\helpers\Select.php on line 72
[22-Sep-2018 00:07:24 America/Sao_Paulo] PHP Notice:  Undefined variable: x in C:\terminal\live\server\applications\example\helpers\Select.php on line 71
[22-Sep-2018 00:07:24 America/Sao_Paulo] PHP Notice:  Undefined variable: inputCheck in C:\terminal\live\server\applications\example\helpers\Select.php on line 72
[22-Sep-2018 00:07:24 America/Sao_Paulo] PHP Notice:  Trying to get property 'query' of non-object in C:\terminal\live\server\applications\example\helpers\Select.php on line 72
[22-Sep-2018 00:07:24 America/Sao_Paulo] PHP Fatal error:  Uncaught PDOException: SQLSTATE[42000]: Syntax error or access violation: 1065 Query was empty in C:\terminal\live\server\applications\example\helpers\Select.php:72
Stack trace:
#0 C:\terminal\live\server\applications\example\helpers\Select.php(72): PDOStatement->execute(NULL)
#1 C:\terminal\live\server\applications\example\teste.php(23): helper\Select->fetch()
#2 C:\terminal\live\server\system\Navigator.php(23): Closure->{closure}()
#3 C:\terminal\live\server\applications\example\routes.php(5): system\Navigator->regex('{POST/nome/(?<n...', Object(Closure))
#4 C:\terminal\live\server\system\Navigator.php(14): system\Navigator->{closure}()
#5 C:\terminal\live\server\system\Ambue.php(12): system\Navigator->__construct()
#6 C:\terminal\live\server\main.php(33): require('C:\\terminal\\liv...')
#7 {main}
  thrown in C:\terminal\live\server\applications\example\helpers\Select.php on line 72
[22-Sep-2018 00:07:46 America/Sao_Paulo] PHP Notice:  Undefined variable: x in C:\terminal\live\server\applications\example\helpers\Select.php on line 71
[22-Sep-2018 00:07:46 America/Sao_Paulo] PHP Fatal error:  Uncaught PDOException: SQLSTATE[42000]: Syntax error or access violation: 1065 Query was empty in C:\terminal\live\server\applications\example\helpers\Select.php:72
Stack trace:
#0 C:\terminal\live\server\applications\example\helpers\Select.php(72): PDOStatement->execute(Array)
#1 C:\terminal\live\server\applications\example\teste.php(23): helper\Select->fetch()
#2 C:\terminal\live\server\system\Navigator.php(23): Closure->{closure}()
#3 C:\terminal\live\server\applications\example\routes.php(5): system\Navigator->regex('{POST/nome/(?<n...', Object(Closure))
#4 C:\terminal\live\server\system\Navigator.php(14): system\Navigator->{closure}()
#5 C:\terminal\live\server\system\Ambue.php(12): system\Navigator->__construct()
#6 C:\terminal\live\server\main.php(33): require('C:\\terminal\\liv...')
#7 {main}
  thrown in C:\terminal\live\server\applications\example\helpers\Select.php on line 72
[22-Sep-2018 00:08:08 America/Sao_Paulo] PHP Notice:  Undefined variable: x in C:\terminal\live\server\applications\example\helpers\Select.php on line 73
[22-Sep-2018 00:08:08 America/Sao_Paulo] PHP Fatal error:  Uncaught PDOException: SQLSTATE[42000]: Syntax error or access violation: 1065 Query was empty in C:\terminal\live\server\applications\example\helpers\Select.php:74
Stack trace:
#0 C:\terminal\live\server\applications\example\helpers\Select.php(74): PDOStatement->execute(Array)
#1 C:\terminal\live\server\applications\example\teste.php(23): helper\Select->fetch()
#2 C:\terminal\live\server\system\Navigator.php(23): Closure->{closure}()
#3 C:\terminal\live\server\applications\example\routes.php(5): system\Navigator->regex('{POST/nome/(?<n...', Object(Closure))
#4 C:\terminal\live\server\system\Navigator.php(14): system\Navigator->{closure}()
#5 C:\terminal\live\server\system\Ambue.php(12): system\Navigator->__construct()
#6 C:\terminal\live\server\main.php(33): require('C:\\terminal\\liv...')
#7 {main}
  thrown in C:\terminal\live\server\applications\example\helpers\Select.php on line 74
[22-Sep-2018 00:11:22 America/Sao_Paulo] PHP Fatal error:  Method helper\Select::__call() must take exactly 2 arguments in C:\terminal\live\server\applications\example\helpers\Select.php on line 68
[22-Sep-2018 00:11:54 America/Sao_Paulo] PHP Fatal error:  Uncaught ArgumentCountError: Too few arguments to function helper\Select::__construct(), 1 passed in C:\terminal\live\server\applications\example\teste.php on line 8 and exactly 2 expected in C:\terminal\live\server\applications\example\helpers\Select.php:14
Stack trace:
#0 C:\terminal\live\server\applications\example\teste.php(8): helper\Select->__construct(Object(helper\PDO))
#1 C:\terminal\live\server\system\Navigator.php(23): Closure->{closure}()
#2 C:\terminal\live\server\applications\example\routes.php(5): system\Navigator->regex('{POST/nome/(?<n...', Object(Closure))
#3 C:\terminal\live\server\system\Navigator.php(14): system\Navigator->{closure}()
#4 C:\terminal\live\server\system\Ambue.php(12): system\Navigator->__construct()
#5 C:\terminal\live\server\main.php(33): require('C:\\terminal\\liv...')
#6 {main}
  thrown in C:\terminal\live\server\applications\example\helpers\Select.php on line 14
[22-Sep-2018 00:12:05 America/Sao_Paulo] PHP Fatal error:  Uncaught Error: Call to a member function setPage() on null in C:\terminal\live\server\applications\example\teste.php:20
Stack trace:
#0 C:\terminal\live\server\system\Navigator.php(23): Closure->{closure}()
#1 C:\terminal\live\server\applications\example\routes.php(5): system\Navigator->regex('{POST/nome/(?<n...', Object(Closure))
#2 C:\terminal\live\server\system\Navigator.php(14): system\Navigator->{closure}()
#3 C:\terminal\live\server\system\Ambue.php(12): system\Navigator->__construct()
#4 C:\terminal\live\server\main.php(33): require('C:\\terminal\\liv...')
#5 {main}
  thrown in C:\terminal\live\server\applications\example\teste.php on line 20
[22-Sep-2018 00:12:07 America/Sao_Paulo] PHP Fatal error:  Uncaught Error: Call to a member function setPage() on null in C:\terminal\live\server\applications\example\teste.php:20
Stack trace:
#0 C:\terminal\live\server\system\Navigator.php(23): Closure->{closure}()
#1 C:\terminal\live\server\applications\example\routes.php(5): system\Navigator->regex('{POST/nome/(?<n...', Object(Closure))
#2 C:\terminal\live\server\system\Navigator.php(14): system\Navigator->{closure}()
#3 C:\terminal\live\server\system\Ambue.php(12): system\Navigator->__construct()
#4 C:\terminal\live\server\main.php(33): require('C:\\terminal\\liv...')
#5 {main}
  thrown in C:\terminal\live\server\applications\example\teste.php on line 20
[22-Sep-2018 00:13:13 America/Sao_Paulo] PHP Fatal error:  Uncaught Error: Call to a member function fetchAll() on boolean in C:\terminal\live\server\applications\example\helpers\Select.php:82
Stack trace:
#0 C:\terminal\live\server\applications\example\teste.php(23): helper\Select->fetch()
#1 C:\terminal\live\server\system\Navigator.php(23): Closure->{closure}()
#2 C:\terminal\live\server\applications\example\routes.php(5): system\Navigator->regex('{POST/nome/(?<n...', Object(Closure))
#3 C:\terminal\live\server\system\Navigator.php(14): system\Navigator->{closure}()
#4 C:\terminal\live\server\system\Ambue.php(12): system\Navigator->__construct()
#5 C:\terminal\live\server\main.php(33): require('C:\\terminal\\liv...')
#6 {main}
  thrown in C:\terminal\live\server\applications\example\helpers\Select.php on line 82
[22-Sep-2018 00:13:29 America/Sao_Paulo] PHP Fatal error:  Uncaught Error: Call to a member function fetchAll() on boolean in C:\terminal\live\server\applications\example\helpers\Select.php:82
Stack trace:
#0 C:\terminal\live\server\applications\example\teste.php(23): helper\Select->fetch()
#1 C:\terminal\live\server\system\Navigator.php(23): Closure->{closure}()
#2 C:\terminal\live\server\applications\example\routes.php(5): system\Navigator->regex('{POST/nome/(?<n...', Object(Closure))
#3 C:\terminal\live\server\system\Navigator.php(14): system\Navigator->{closure}()
#4 C:\terminal\live\server\system\Ambue.php(12): system\Navigator->__construct()
#5 C:\terminal\live\server\main.php(33): require('C:\\terminal\\liv...')
#6 {main}
  thrown in C:\terminal\live\server\applications\example\helpers\Select.php on line 82
[22-Sep-2018 00:13:45 America/Sao_Paulo] PHP Fatal error:  Uncaught Error: Call to a member function fetchAll() on boolean in C:\terminal\live\server\applications\example\helpers\Select.php:81
Stack trace:
#0 C:\terminal\live\server\applications\example\teste.php(23): helper\Select->fetch()
#1 C:\terminal\live\server\system\Navigator.php(23): Closure->{closure}()
#2 C:\terminal\live\server\applications\example\routes.php(5): system\Navigator->regex('{POST/nome/(?<n...', Object(Closure))
#3 C:\terminal\live\server\system\Navigator.php(14): system\Navigator->{closure}()
#4 C:\terminal\live\server\system\Ambue.php(12): system\Navigator->__construct()
#5 C:\terminal\live\server\main.php(33): require('C:\\terminal\\liv...')
#6 {main}
  thrown in C:\terminal\live\server\applications\example\helpers\Select.php on line 81
[22-Sep-2018 00:14:06 America/Sao_Paulo] PHP Fatal error:  Uncaught Error: Call to a member function fetchAll() on boolean in C:\terminal\live\server\applications\example\helpers\Select.php:81
Stack trace:
#0 C:\terminal\live\server\applications\example\teste.php(23): helper\Select->fetch()
#1 C:\terminal\live\server\system\Navigator.php(23): Closure->{closure}()
#2 C:\terminal\live\server\applications\example\routes.php(5): system\Navigator->regex('{POST/nome/(?<n...', Object(Closure))
#3 C:\terminal\live\server\system\Navigator.php(14): system\Navigator->{closure}()
#4 C:\terminal\live\server\system\Ambue.php(12): system\Navigator->__construct()
#5 C:\terminal\live\server\main.php(33): require('C:\\terminal\\liv...')
#6 {main}
  thrown in C:\terminal\live\server\applications\example\helpers\Select.php on line 81
[22-Sep-2018 00:14:55 America/Sao_Paulo] PHP Fatal error:  Uncaught Error: Call to a member function fetchAll() on boolean in C:\terminal\live\server\applications\example\helpers\Select.php:83
Stack trace:
#0 C:\terminal\live\server\applications\example\teste.php(23): helper\Select->fetch()
#1 C:\terminal\live\server\system\Navigator.php(23): Closure->{closure}()
#2 C:\terminal\live\server\applications\example\routes.php(5): system\Navigator->regex('{POST/nome/(?<n...', Object(Closure))
#3 C:\terminal\live\server\system\Navigator.php(14): system\Navigator->{closure}()
#4 C:\terminal\live\server\system\Ambue.php(12): system\Navigator->__construct()
#5 C:\terminal\live\server\main.php(33): require('C:\\terminal\\liv...')
#6 {main}
  thrown in C:\terminal\live\server\applications\example\helpers\Select.php on line 83
[22-Sep-2018 00:15:04 America/Sao_Paulo] PHP Fatal error:  Uncaught Error: Call to a member function fetchAll() on boolean in C:\terminal\live\server\applications\example\helpers\Select.php:83
Stack trace:
#0 C:\terminal\live\server\applications\example\teste.php(23): helper\Select->fetch()
#1 C:\terminal\live\server\system\Navigator.php(23): Closure->{closure}()
#2 C:\terminal\live\server\applications\example\routes.php(5): system\Navigator->regex('{POST/nome/(?<n...', Object(Closure))
#3 C:\terminal\live\server\system\Navigator.php(14): system\Navigator->{closure}()
#4 C:\terminal\live\server\system\Ambue.php(12): system\Navigator->__construct()
#5 C:\terminal\live\server\main.php(33): require('C:\\terminal\\liv...')
#6 {main}
  thrown in C:\terminal\live\server\applications\example\helpers\Select.php on line 83
